<?xml version="1.0" encoding="utf-8"?><testsuites><testsuite name="pytest" errors="0" failures="0" skipped="88" tests="575" time="153.479" timestamp="2023-11-07T02:59:59.234936" hostname="b40e4427095b"><testcase classname="mnt.extra-addons.crm_assign_by_area.tests.test_crm_assign_by_area.TestCRMAssignByArea" name="test_crm_assign_salesperson_case_no_salesperson_to_assign" time="3.724" /><testcase classname="mnt.extra-addons.crm_assign_by_area.tests.test_crm_assign_by_area.TestCRMAssignByArea" name="test_crm_assign_salesperson_case_one_salesperson_to_assign" time="0.196" /><testcase classname="mnt.extra-addons.crm_assign_by_area.tests.test_crm_assign_by_area.TestCRMAssignByArea" name="test_crm_assign_salesperson_case_several_salesperson_to_assign" time="0.154" /><testcase classname="mnt.extra-addons.crm_assign_by_area.tests.test_crm_assign_by_area.TestCRMAssignByArea" name="test_crm_cannot_assign_salesperson_if_crm_has_no_customer" time="0.055" /><testcase classname="mnt.extra-addons.crm_assign_by_area.tests.test_crm_assign_by_area.TestCRMAssignByArea" name="test_partner_assign_salesperson_case_no_salesperson_to_assign" time="0.042" /><testcase classname="mnt.extra-addons.crm_assign_by_area.tests.test_crm_assign_by_area.TestCRMAssignByArea" name="test_partner_assign_salesperson_case_one_salesperson_to_assign" time="0.130" /><testcase classname="mnt.extra-addons.crm_assign_by_area.tests.test_crm_assign_by_area.TestCRMAssignByArea" name="test_partner_assign_salesperson_case_several_salesperson_to_assign" time="0.122" /><testcase classname="mnt.extra-addons.crm_assign_by_area.tests.test_crm_assign_by_area.TestCRMAssignByArea" name="test_salesperson_name_get_with_context" time="0.008" /><testcase classname="mnt.extra-addons.crm_assign_in_house.tests.test_crm_assign_in_house.TestCRMAssignByArea" name="test_crm_onchange_in_house_customer_set_salesperson" time="0.579" /><testcase classname="mnt.extra-addons.crm_assign_in_house.tests.test_crm_assign_in_house.TestCRMAssignByArea" name="test_crm_onchange_not_in_house_customer_not_set_salesperson" time="0.361" /><testcase classname="mnt.extra-addons.crm_assign_in_house.tests.test_crm_assign_in_house.TestCRMAssignByArea" name="test_partner_in_house_salesperson_required" time="0.896" /><testcase classname="mnt.extra-addons.crm_assign_in_house.tests.test_crm_assign_in_house.TestCRMAssignByArea" name="test_partner_not_in_house_salesperson_not_required" time="0.709" /><testcase classname="mnt.extra-addons.crm_lead_product.tests.test_crm_lead_line.TestCrmLeadLine" name="test_01_lead_lines" time="0.318" /><testcase classname="mnt.extra-addons.crm_lead_product.tests.test_crm_lead_line.TestCrmLeadLine" name="test_02_lead_to_opportunity" time="0.235" /><testcase classname="mnt.extra-addons.crm_team_by_industry.tests.test_crm_team_by_industry.TestCrmTeamByIndustry" name="test_onchange_main_industry_with_crm_team_id" time="0.282" /><testcase classname="mnt.extra-addons.crm_team_by_industry.tests.test_crm_team_by_industry.TestCrmTeamByIndustry" name="test_onchange_main_industry_without_crm_team_id" time="0.228" /><testcase classname="mnt.extra-addons.delivery_carrier_fixed_over.tests.test_delivery_carrier.TestDeliveryCarrier" name="test_checkbox_not_checked" time="1.041" /><testcase classname="mnt.extra-addons.delivery_carrier_fixed_over.tests.test_delivery_carrier.TestDeliveryCarrier" name="test_free_over_amount" time="0.041" /><testcase classname="mnt.extra-addons.delivery_carrier_fixed_over.tests.test_delivery_carrier.TestDeliveryCarrier" name="test_order_below_minimum_amount" time="0.046" /><testcase classname="mnt.extra-addons.delivery_carrier_fixed_over.tests.test_delivery_carrier.TestDeliveryCarrier" name="test_order_over_minimum_amount" time="0.044" /><testcase classname="mnt.extra-addons.delivery_carrier_fixed_over.tests.test_delivery_carrier.TestDeliveryCarrier" name="test_order_with_minimum_amount" time="0.051" /><testcase classname="mnt.extra-addons.payment_auto_confirm_sale_order.tests.test_payment_transaction.TestPayment" name="test_order_auto_confirmed" time="0.472" /><testcase classname="mnt.extra-addons.payment_auto_confirm_sale_order.tests.test_payment_transaction.TestPayment" name="test_order_not_auto_confirmed" time="0.030" /><testcase classname="mnt.extra-addons.payment_auto_confirm_sale_order.tests.test_payment_transaction.TestPayment" name="test_quotation_sent" time="1.329" /><testcase classname="mnt.extra-addons.product_configurator_sale_ext.tests.test_product_configurator_sale_ext.ProductConfigSale" name="test_00_access_reconfigure_product" time="1.426" /><testcase classname="mnt.extra-addons.sale_commitment_date_update.tests.test_wizard.TestWizard" name="test_propagates_date_to_sale_order" time="0.312" /><testcase classname="mnt.extra-addons.sale_commitment_date_update.tests.test_wizard.TestWizard" name="test_propagates_date_to_stock_move" time="0.159" /><testcase classname="mnt.extra-addons.sale_commitment_date_update.tests.test_wizard.TestWizard" name="test_respects_security_lead_time" time="0.173" /><testcase classname="mnt.extra-addons.sale_commitment_date_update.tests.test_wizard.TestWizard" name="test_sale_order_with_customer_lead" time="0.191" /><testcase classname="mnt.extra-addons.sale_commitment_date_update.tests.test_wizard.TestWizard" name="test_sale_order_without_date" time="0.183" /><testcase classname="mnt.extra-addons.sale_commitment_date_update.tests.test_wizard.TestWizard" name="test_stock_move_cancelled" time="0.172" /><testcase classname="mnt.extra-addons.sale_commitment_date_update.tests.test_wizard.TestWizard" name="test_stock_move_completed" time="0.276" /><testcase classname="mnt.extra-addons.sale_commitment_date_update.tests.test_wizard.TestWizard" name="test_two_sale_order_lines" time="0.226" /><testcase classname="mnt.extra-addons.sale_commitment_date_update.tests.test_wizard.TestWizard" name="test_two_sale_order_lines_with_two_steps" time="0.362" /><testcase classname="mnt.extra-addons.sale_commitment_date_update.tests.test_wizard.TestWizard" name="test_two_steps" time="0.267" /><testcase classname="mnt.extra-addons.sale_commitment_date_update_mrp.tests.test_mrp.TestSaleCommitmentDateMrp" name="test_company_manufacturing_lead" time="0.591" /><testcase classname="mnt.extra-addons.sale_commitment_date_update_mrp.tests.test_mrp.TestSaleCommitmentDateMrp" name="test_company_product_delay" time="0.084" /><testcase classname="mnt.extra-addons.sale_commitment_date_update_mrp.tests.test_mrp.TestSaleCommitmentDateMrp" name="test_propagates_date_to_mrp" time="0.065" /><testcase classname="mnt.extra-addons.sale_coupon_apply_on_domain.tests.test_discount_apply_on_all_products.TestSaleCouponProgramRules" name="test_shipping_cost_numbers" time="2.077" /><testcase classname="mnt.extra-addons.sale_default_analytic_tag.tests.test_sale_order.TestSaleOrder" name="test_onchange_product" time="0.131" /><testcase classname="mnt.extra-addons.sale_delivery_completion.tests.test_sale_order.TestSaleOrder" name="test_fully_delivered" time="0.466" /><testcase classname="mnt.extra-addons.sale_delivery_completion.tests.test_sale_order.TestSaleOrder" name="test_if_no_stockable_product__then_fully_delivered" time="0.055" /><testcase classname="mnt.extra-addons.sale_delivery_completion.tests.test_sale_order.TestSaleOrder" name="test_no_product_delivered" time="0.018" /><testcase classname="mnt.extra-addons.sale_delivery_completion.tests.test_sale_order.TestSaleOrder" name="test_partially_delivered" time="0.041" /><testcase classname="mnt.extra-addons.sale_delivery_completion_rental.tests.test_sale_order.TestSaleOrder" name="test_fully_returned" time="0.657" /><testcase classname="mnt.extra-addons.sale_delivery_completion_rental.tests.test_sale_order.TestSaleOrder" name="test_if_no_stockable_product_then_fully_returned" time="0.209" /><testcase classname="mnt.extra-addons.sale_delivery_completion_rental.tests.test_sale_order.TestSaleOrder" name="test_not_yet_returned" time="0.004" /><testcase classname="mnt.extra-addons.sale_delivery_completion_rental.tests.test_sale_order.TestSaleOrder" name="test_partial_returned" time="0.237" /><testcase classname="mnt.extra-addons.sale_display_qty_widget_secondary_unit.tests.test_2nd_qty_availability_widget.TestSaleStock" name="test_00_sale_stock_invoice" time="0.004"><skipped type="pytest.skip" message="Accounting Tests skipped because the user's company has no chart of accounts.">/usr/local/lib/python3.8/site-packages/_pytest/unittest.py:371: Accounting Tests skipped because the user's company has no chart of accounts.</skipped></testcase><testcase classname="mnt.extra-addons.sale_display_qty_widget_secondary_unit.tests.test_2nd_qty_availability_widget.TestSaleStock" name="test_01_sale_stock_order" time="0.001"><skipped type="pytest.skip" message="Accounting Tests skipped because the user's company has no chart of accounts.">/usr/local/lib/python3.8/site-packages/_pytest/unittest.py:371: Accounting Tests skipped because the user's company has no chart of accounts.</skipped></testcase><testcase classname="mnt.extra-addons.sale_display_qty_widget_secondary_unit.tests.test_2nd_qty_availability_widget.TestSaleStock" name="test_02_sale_stock_return" time="0.001"><skipped type="pytest.skip" message="Accounting Tests skipped because the user's company has no chart of accounts.">/usr/local/lib/python3.8/site-packages/_pytest/unittest.py:371: Accounting Tests skipped because the user's company has no chart of accounts.</skipped></testcase><testcase classname="mnt.extra-addons.sale_display_qty_widget_secondary_unit.tests.test_2nd_qty_availability_widget.TestSaleStock" name="test_03_sale_stock_delivery_partial" time="0.001"><skipped type="pytest.skip" message="Accounting Tests skipped because the user's company has no chart of accounts.">/usr/local/lib/python3.8/site-packages/_pytest/unittest.py:371: Accounting Tests skipped because the user's company has no chart of accounts.</skipped></testcase><testcase classname="mnt.extra-addons.sale_display_qty_widget_secondary_unit.tests.test_2nd_qty_availability_widget.TestSaleStock" name="test_04_create_picking_update_saleorderline" time="0.000"><skipped type="pytest.skip" message="Accounting Tests skipped because the user's company has no chart of accounts.">/usr/local/lib/python3.8/site-packages/_pytest/unittest.py:371: Accounting Tests skipped because the user's company has no chart of accounts.</skipped></testcase><testcase classname="mnt.extra-addons.sale_display_qty_widget_secondary_unit.tests.test_2nd_qty_availability_widget.TestSaleStock" name="test_05_confirm_cancel_confirm" time="0.001"><skipped type="pytest.skip" message="Accounting Tests skipped because the user's company has no chart of accounts.">/usr/local/lib/python3.8/site-packages/_pytest/unittest.py:371: Accounting Tests skipped because the user's company has no chart of accounts.</skipped></testcase><testcase classname="mnt.extra-addons.sale_display_qty_widget_secondary_unit.tests.test_2nd_qty_availability_widget.TestSaleStock" name="test_05_create_picking_update_saleorderline" time="0.001"><skipped type="pytest.skip" message="Accounting Tests skipped because the user's company has no chart of accounts.">/usr/local/lib/python3.8/site-packages/_pytest/unittest.py:371: Accounting Tests skipped because the user's company has no chart of accounts.</skipped></testcase><testcase classname="mnt.extra-addons.sale_display_qty_widget_secondary_unit.tests.test_2nd_qty_availability_widget.TestSaleStock" name="test_06_uom" time="0.001"><skipped type="pytest.skip" message="Accounting Tests skipped because the user's company has no chart of accounts.">/usr/local/lib/python3.8/site-packages/_pytest/unittest.py:371: Accounting Tests skipped because the user's company has no chart of accounts.</skipped></testcase><testcase classname="mnt.extra-addons.sale_display_qty_widget_secondary_unit.tests.test_2nd_qty_availability_widget.TestSaleStock" name="test_07_forced_qties" time="0.000"><skipped type="pytest.skip" message="Accounting Tests skipped because the user's company has no chart of accounts.">/usr/local/lib/python3.8/site-packages/_pytest/unittest.py:371: Accounting Tests skipped because the user's company has no chart of accounts.</skipped></testcase><testcase classname="mnt.extra-addons.sale_display_qty_widget_secondary_unit.tests.test_2nd_qty_availability_widget.TestSaleStock" name="test_08_quantities" time="0.001"><skipped type="pytest.skip" message="Accounting Tests skipped because the user's company has no chart of accounts.">/usr/local/lib/python3.8/site-packages/_pytest/unittest.py:371: Accounting Tests skipped because the user's company has no chart of accounts.</skipped></testcase><testcase classname="mnt.extra-addons.sale_display_qty_widget_secondary_unit.tests.test_2nd_qty_availability_widget.TestSaleStock" name="test_08_sale_return_qty_and_cancel" time="0.000"><skipped type="pytest.skip" message="Accounting Tests skipped because the user's company has no chart of accounts.">/usr/local/lib/python3.8/site-packages/_pytest/unittest.py:371: Accounting Tests skipped because the user's company has no chart of accounts.</skipped></testcase><testcase classname="mnt.extra-addons.sale_display_qty_widget_secondary_unit.tests.test_2nd_qty_availability_widget.TestSaleStock" name="test_09_qty_available" time="0.000"><skipped type="pytest.skip" message="Accounting Tests skipped because the user's company has no chart of accounts.">/usr/local/lib/python3.8/site-packages/_pytest/unittest.py:371: Accounting Tests skipped because the user's company has no chart of accounts.</skipped></testcase><testcase classname="mnt.extra-addons.sale_display_qty_widget_secondary_unit.tests.test_2nd_qty_availability_widget.TestSaleStock" name="test_10_qty_available" time="0.001"><skipped type="pytest.skip" message="Accounting Tests skipped because the user's company has no chart of accounts.">/usr/local/lib/python3.8/site-packages/_pytest/unittest.py:371: Accounting Tests skipped because the user's company has no chart of accounts.</skipped></testcase><testcase classname="mnt.extra-addons.sale_display_qty_widget_secondary_unit.tests.test_2nd_qty_availability_widget.TestSaleStock" name="test_11_return_with_refund" time="0.000"><skipped type="pytest.skip" message="Accounting Tests skipped because the user's company has no chart of accounts.">/usr/local/lib/python3.8/site-packages/_pytest/unittest.py:371: Accounting Tests skipped because the user's company has no chart of accounts.</skipped></testcase><testcase classname="mnt.extra-addons.sale_display_qty_widget_secondary_unit.tests.test_2nd_qty_availability_widget.TestSaleStock" name="test_12_return_without_refund" time="0.001"><skipped type="pytest.skip" message="Accounting Tests skipped because the user's company has no chart of accounts.">/usr/local/lib/python3.8/site-packages/_pytest/unittest.py:371: Accounting Tests skipped because the user's company has no chart of accounts.</skipped></testcase><testcase classname="mnt.extra-addons.sale_display_qty_widget_secondary_unit.tests.test_2nd_qty_availability_widget.TestSaleStock" name="test_13_delivered_qty" time="0.001"><skipped type="pytest.skip" message="Accounting Tests skipped because the user's company has no chart of accounts.">/usr/local/lib/python3.8/site-packages/_pytest/unittest.py:371: Accounting Tests skipped because the user's company has no chart of accounts.</skipped></testcase><testcase classname="mnt.extra-addons.sale_display_qty_widget_secondary_unit.tests.test_2nd_qty_availability_widget.TestSaleStock" name="test_14_delivered_qty_in_multistep" time="0.001"><skipped type="pytest.skip" message="Accounting Tests skipped because the user's company has no chart of accounts.">/usr/local/lib/python3.8/site-packages/_pytest/unittest.py:371: Accounting Tests skipped because the user's company has no chart of accounts.</skipped></testcase><testcase classname="mnt.extra-addons.sale_display_qty_widget_secondary_unit.tests.test_2nd_qty_availability_widget.TestSaleStock" name="test_15_cancel_delivery" time="0.001"><skipped type="pytest.skip" message="Accounting Tests skipped because the user's company has no chart of accounts.">/usr/local/lib/python3.8/site-packages/_pytest/unittest.py:371: Accounting Tests skipped because the user's company has no chart of accounts.</skipped></testcase><testcase classname="mnt.extra-addons.sale_display_qty_widget_secondary_unit.tests.test_2nd_qty_availability_widget.TestSaleStock" name="test_16_multi_uom" time="0.001"><skipped type="pytest.skip" message="Accounting Tests skipped because the user's company has no chart of accounts.">/usr/local/lib/python3.8/site-packages/_pytest/unittest.py:371: Accounting Tests skipped because the user's company has no chart of accounts.</skipped></testcase><testcase classname="mnt.extra-addons.sale_display_qty_widget_secondary_unit.tests.test_2nd_qty_availability_widget.TestSaleStock" name="test_17_deliver_more_and_multi_uom" time="0.001"><skipped type="pytest.skip" message="Accounting Tests skipped because the user's company has no chart of accounts.">/usr/local/lib/python3.8/site-packages/_pytest/unittest.py:371: Accounting Tests skipped because the user's company has no chart of accounts.</skipped></testcase><testcase classname="mnt.extra-addons.sale_display_qty_widget_secondary_unit.tests.test_2nd_qty_availability_widget.TestSaleStock" name="test_3_steps_and_unpack" time="0.000"><skipped type="pytest.skip" message="Accounting Tests skipped because the user's company has no chart of accounts.">/usr/local/lib/python3.8/site-packages/_pytest/unittest.py:371: Accounting Tests skipped because the user's company has no chart of accounts.</skipped></testcase><testcase classname="mnt.extra-addons.sale_display_qty_widget_secondary_unit.tests.test_2nd_qty_availability_widget.TestSaleStock" name="test_exception_delivery_partial_multi" time="0.000"><skipped type="pytest.skip" message="Accounting Tests skipped because the user's company has no chart of accounts.">/usr/local/lib/python3.8/site-packages/_pytest/unittest.py:371: Accounting Tests skipped because the user's company has no chart of accounts.</skipped></testcase><testcase classname="mnt.extra-addons.sale_display_qty_widget_secondary_unit.tests.test_2nd_qty_availability_widget.TestSaleStock" name="test_multiple_returns" time="0.001"><skipped type="pytest.skip" message="Accounting Tests skipped because the user's company has no chart of accounts.">/usr/local/lib/python3.8/site-packages/_pytest/unittest.py:371: Accounting Tests skipped because the user's company has no chart of accounts.</skipped></testcase><testcase classname="mnt.extra-addons.sale_display_qty_widget_secondary_unit.tests.test_2nd_qty_availability_widget.Test2ndQtyAvailabilityWidget" name="test_00_sale_stock_invoice" time="0.003"><skipped type="pytest.skip" message="Accounting Tests skipped because the user's company has no chart of accounts.">/usr/local/lib/python3.8/site-packages/_pytest/unittest.py:371: Accounting Tests skipped because the user's company has no chart of accounts.</skipped></testcase><testcase classname="mnt.extra-addons.sale_display_qty_widget_secondary_unit.tests.test_2nd_qty_availability_widget.Test2ndQtyAvailabilityWidget" name="test_01_sale_stock_order" time="0.001"><skipped type="pytest.skip" message="Accounting Tests skipped because the user's company has no chart of accounts.">/usr/local/lib/python3.8/site-packages/_pytest/unittest.py:371: Accounting Tests skipped because the user's company has no chart of accounts.</skipped></testcase><testcase classname="mnt.extra-addons.sale_display_qty_widget_secondary_unit.tests.test_2nd_qty_availability_widget.Test2ndQtyAvailabilityWidget" name="test_02_sale_stock_return" time="0.001"><skipped type="pytest.skip" message="Accounting Tests skipped because the user's company has no chart of accounts.">/usr/local/lib/python3.8/site-packages/_pytest/unittest.py:371: Accounting Tests skipped because the user's company has no chart of accounts.</skipped></testcase><testcase classname="mnt.extra-addons.sale_display_qty_widget_secondary_unit.tests.test_2nd_qty_availability_widget.Test2ndQtyAvailabilityWidget" name="test_03_sale_stock_delivery_partial" time="0.001"><skipped type="pytest.skip" message="Accounting Tests skipped because the user's company has no chart of accounts.">/usr/local/lib/python3.8/site-packages/_pytest/unittest.py:371: Accounting Tests skipped because the user's company has no chart of accounts.</skipped></testcase><testcase classname="mnt.extra-addons.sale_display_qty_widget_secondary_unit.tests.test_2nd_qty_availability_widget.Test2ndQtyAvailabilityWidget" name="test_04_create_picking_update_saleorderline" time="0.001"><skipped type="pytest.skip" message="Accounting Tests skipped because the user's company has no chart of accounts.">/usr/local/lib/python3.8/site-packages/_pytest/unittest.py:371: Accounting Tests skipped because the user's company has no chart of accounts.</skipped></testcase><testcase classname="mnt.extra-addons.sale_display_qty_widget_secondary_unit.tests.test_2nd_qty_availability_widget.Test2ndQtyAvailabilityWidget" name="test_05_confirm_cancel_confirm" time="0.000"><skipped type="pytest.skip" message="Accounting Tests skipped because the user's company has no chart of accounts.">/usr/local/lib/python3.8/site-packages/_pytest/unittest.py:371: Accounting Tests skipped because the user's company has no chart of accounts.</skipped></testcase><testcase classname="mnt.extra-addons.sale_display_qty_widget_secondary_unit.tests.test_2nd_qty_availability_widget.Test2ndQtyAvailabilityWidget" name="test_05_create_picking_update_saleorderline" time="0.001"><skipped type="pytest.skip" message="Accounting Tests skipped because the user's company has no chart of accounts.">/usr/local/lib/python3.8/site-packages/_pytest/unittest.py:371: Accounting Tests skipped because the user's company has no chart of accounts.</skipped></testcase><testcase classname="mnt.extra-addons.sale_display_qty_widget_secondary_unit.tests.test_2nd_qty_availability_widget.Test2ndQtyAvailabilityWidget" name="test_06_uom" time="0.001"><skipped type="pytest.skip" message="Accounting Tests skipped because the user's company has no chart of accounts.">/usr/local/lib/python3.8/site-packages/_pytest/unittest.py:371: Accounting Tests skipped because the user's company has no chart of accounts.</skipped></testcase><testcase classname="mnt.extra-addons.sale_display_qty_widget_secondary_unit.tests.test_2nd_qty_availability_widget.Test2ndQtyAvailabilityWidget" name="test_07_forced_qties" time="0.001"><skipped type="pytest.skip" message="Accounting Tests skipped because the user's company has no chart of accounts.">/usr/local/lib/python3.8/site-packages/_pytest/unittest.py:371: Accounting Tests skipped because the user's company has no chart of accounts.</skipped></testcase><testcase classname="mnt.extra-addons.sale_display_qty_widget_secondary_unit.tests.test_2nd_qty_availability_widget.Test2ndQtyAvailabilityWidget" name="test_08_quantities" time="0.001"><skipped type="pytest.skip" message="Accounting Tests skipped because the user's company has no chart of accounts.">/usr/local/lib/python3.8/site-packages/_pytest/unittest.py:371: Accounting Tests skipped because the user's company has no chart of accounts.</skipped></testcase><testcase classname="mnt.extra-addons.sale_display_qty_widget_secondary_unit.tests.test_2nd_qty_availability_widget.Test2ndQtyAvailabilityWidget" name="test_08_sale_return_qty_and_cancel" time="0.001"><skipped type="pytest.skip" message="Accounting Tests skipped because the user's company has no chart of accounts.">/usr/local/lib/python3.8/site-packages/_pytest/unittest.py:371: Accounting Tests skipped because the user's company has no chart of accounts.</skipped></testcase><testcase classname="mnt.extra-addons.sale_display_qty_widget_secondary_unit.tests.test_2nd_qty_availability_widget.Test2ndQtyAvailabilityWidget" name="test_09_qty_available" time="0.001"><skipped type="pytest.skip" message="Accounting Tests skipped because the user's company has no chart of accounts.">/usr/local/lib/python3.8/site-packages/_pytest/unittest.py:371: Accounting Tests skipped because the user's company has no chart of accounts.</skipped></testcase><testcase classname="mnt.extra-addons.sale_display_qty_widget_secondary_unit.tests.test_2nd_qty_availability_widget.Test2ndQtyAvailabilityWidget" name="test_10_qty_available" time="0.001"><skipped type="pytest.skip" message="Accounting Tests skipped because the user's company has no chart of accounts.">/usr/local/lib/python3.8/site-packages/_pytest/unittest.py:371: Accounting Tests skipped because the user's company has no chart of accounts.</skipped></testcase><testcase classname="mnt.extra-addons.sale_display_qty_widget_secondary_unit.tests.test_2nd_qty_availability_widget.Test2ndQtyAvailabilityWidget" name="test_11_return_with_refund" time="0.000"><skipped type="pytest.skip" message="Accounting Tests skipped because the user's company has no chart of accounts.">/usr/local/lib/python3.8/site-packages/_pytest/unittest.py:371: Accounting Tests skipped because the user's company has no chart of accounts.</skipped></testcase><testcase classname="mnt.extra-addons.sale_display_qty_widget_secondary_unit.tests.test_2nd_qty_availability_widget.Test2ndQtyAvailabilityWidget" name="test_12_return_without_refund" time="0.001"><skipped type="pytest.skip" message="Accounting Tests skipped because the user's company has no chart of accounts.">/usr/local/lib/python3.8/site-packages/_pytest/unittest.py:371: Accounting Tests skipped because the user's company has no chart of accounts.</skipped></testcase><testcase classname="mnt.extra-addons.sale_display_qty_widget_secondary_unit.tests.test_2nd_qty_availability_widget.Test2ndQtyAvailabilityWidget" name="test_13_delivered_qty" time="0.000"><skipped type="pytest.skip" message="Accounting Tests skipped because the user's company has no chart of accounts.">/usr/local/lib/python3.8/site-packages/_pytest/unittest.py:371: Accounting Tests skipped because the user's company has no chart of accounts.</skipped></testcase><testcase classname="mnt.extra-addons.sale_display_qty_widget_secondary_unit.tests.test_2nd_qty_availability_widget.Test2ndQtyAvailabilityWidget" name="test_14_delivered_qty_in_multistep" time="0.001"><skipped type="pytest.skip" message="Accounting Tests skipped because the user's company has no chart of accounts.">/usr/local/lib/python3.8/site-packages/_pytest/unittest.py:371: Accounting Tests skipped because the user's company has no chart of accounts.</skipped></testcase><testcase classname="mnt.extra-addons.sale_display_qty_widget_secondary_unit.tests.test_2nd_qty_availability_widget.Test2ndQtyAvailabilityWidget" name="test_15_cancel_delivery" time="0.001"><skipped type="pytest.skip" message="Accounting Tests skipped because the user's company has no chart of accounts.">/usr/local/lib/python3.8/site-packages/_pytest/unittest.py:371: Accounting Tests skipped because the user's company has no chart of accounts.</skipped></testcase><testcase classname="mnt.extra-addons.sale_display_qty_widget_secondary_unit.tests.test_2nd_qty_availability_widget.Test2ndQtyAvailabilityWidget" name="test_16_multi_uom" time="0.001"><skipped type="pytest.skip" message="Accounting Tests skipped because the user's company has no chart of accounts.">/usr/local/lib/python3.8/site-packages/_pytest/unittest.py:371: Accounting Tests skipped because the user's company has no chart of accounts.</skipped></testcase><testcase classname="mnt.extra-addons.sale_display_qty_widget_secondary_unit.tests.test_2nd_qty_availability_widget.Test2ndQtyAvailabilityWidget" name="test_17_deliver_more_and_multi_uom" time="0.001"><skipped type="pytest.skip" message="Accounting Tests skipped because the user's company has no chart of accounts.">/usr/local/lib/python3.8/site-packages/_pytest/unittest.py:371: Accounting Tests skipped because the user's company has no chart of accounts.</skipped></testcase><testcase classname="mnt.extra-addons.sale_display_qty_widget_secondary_unit.tests.test_2nd_qty_availability_widget.Test2ndQtyAvailabilityWidget" name="test_3_steps_and_unpack" time="0.001"><skipped type="pytest.skip" message="Accounting Tests skipped because the user's company has no chart of accounts.">/usr/local/lib/python3.8/site-packages/_pytest/unittest.py:371: Accounting Tests skipped because the user's company has no chart of accounts.</skipped></testcase><testcase classname="mnt.extra-addons.sale_display_qty_widget_secondary_unit.tests.test_2nd_qty_availability_widget.Test2ndQtyAvailabilityWidget" name="test_exception_delivery_partial_multi" time="0.001"><skipped type="pytest.skip" message="Accounting Tests skipped because the user's company has no chart of accounts.">/usr/local/lib/python3.8/site-packages/_pytest/unittest.py:371: Accounting Tests skipped because the user's company has no chart of accounts.</skipped></testcase><testcase classname="mnt.extra-addons.sale_display_qty_widget_secondary_unit.tests.test_2nd_qty_availability_widget.Test2ndQtyAvailabilityWidget" name="test_multiple_returns" time="0.000"><skipped type="pytest.skip" message="Accounting Tests skipped because the user's company has no chart of accounts.">/usr/local/lib/python3.8/site-packages/_pytest/unittest.py:371: Accounting Tests skipped because the user's company has no chart of accounts.</skipped></testcase><testcase classname="mnt.extra-addons.sale_display_qty_widget_secondary_unit.tests.test_2nd_qty_availability_widget.Test2ndQtyAvailabilityWidget" name="test_virtual_2nd_unit_available_at_date" time="0.002"><skipped type="pytest.skip" message="Accounting Tests skipped because the user's company has no chart of accounts.">/usr/local/lib/python3.8/site-packages/_pytest/unittest.py:371: Accounting Tests skipped because the user's company has no chart of accounts.</skipped></testcase><testcase classname="mnt.extra-addons.sale_double_validation.tests.test_double_validation.TestSaleDoubleValidation" name="test_confirm_so_above_limit_with_user_employee" time="1.140" /><testcase classname="mnt.extra-addons.sale_double_validation.tests.test_double_validation.TestSaleDoubleValidation" name="test_one_step" time="0.338" /><testcase classname="mnt.extra-addons.sale_double_validation.tests.test_double_validation.TestSaleDoubleValidation" name="test_two_steps_above_limit" time="0.369" /><testcase classname="mnt.extra-addons.sale_double_validation.tests.test_double_validation.TestSaleDoubleValidation" name="test_two_steps_limit" time="0.356" /><testcase classname="mnt.extra-addons.sale_double_validation.tests.test_double_validation.TestSaleDoubleValidation" name="test_two_steps_manager" time="0.357" /><testcase classname="mnt.extra-addons.sale_double_validation.tests.test_double_validation.TestSaleDoubleValidation" name="test_two_steps_under_limit" time="0.365" /><testcase classname="mnt.extra-addons.sale_dynamic_price.tests.test_dynamic_price.TestDynamicPrice" name="test_compute_margin_amount_01__100__0_3__42_86_" time="0.099" /><testcase classname="mnt.extra-addons.sale_dynamic_price.tests.test_dynamic_price.TestDynamicPrice" name="test_compute_margin_amount_02__0__0_3__0_" time="0.024" /><testcase classname="mnt.extra-addons.sale_dynamic_price.tests.test_dynamic_price.TestDynamicPrice" name="test_compute_margin_amount_03__100__0__0_" time="0.026" /><testcase classname="mnt.extra-addons.sale_dynamic_price.tests.test_dynamic_price.TestDynamicPrice" name="test_compute_margin_amount_04__100__1__0_" time="0.030" /><testcase classname="mnt.extra-addons.sale_dynamic_price.tests.test_dynamic_price.TestDynamicPrice" name="test_if_dynamic_price__sale_price_computed" time="0.045" /><testcase classname="mnt.extra-addons.sale_dynamic_price.tests.test_dynamic_price.TestDynamicPrice" name="test_if_fixed_price__sale_price_not_updated_by_cron" time="0.016" /><testcase classname="mnt.extra-addons.sale_dynamic_price.tests.test_dynamic_price.TestDynamicPrice" name="test_if_not_dynamic_price__sale_price_not_computed" time="0.018" /><testcase classname="mnt.extra-addons.sale_dynamic_price.tests.test_dynamic_price.TestDynamicPrice" name="test_if_rounding_not_set__no_rounding_applied" time="0.033" /><testcase classname="mnt.extra-addons.sale_dynamic_price.tests.test_dynamic_price.TestDynamicPrice" name="test_product_template_price" time="0.029" /><testcase classname="mnt.extra-addons.sale_dynamic_price.tests.test_dynamic_price.TestDynamicPrice" name="test_sale_price_update_cron" time="0.035" /><testcase classname="mnt.extra-addons.sale_dynamic_price.tests.test_dynamic_price.TestDynamicPrice" name="test_update_sale_price_from_cost_01__100__0_2___1___0__125_" time="0.033" /><testcase classname="mnt.extra-addons.sale_dynamic_price.tests.test_dynamic_price.TestDynamicPrice" name="test_update_sale_price_from_cost_02__100__0_2___10___0__130_" time="0.047" /><testcase classname="mnt.extra-addons.sale_dynamic_price.tests.test_dynamic_price.TestDynamicPrice" name="test_update_sale_price_from_cost_03__100__0_2___50___0__150_" time="0.038" /><testcase classname="mnt.extra-addons.sale_dynamic_price.tests.test_dynamic_price.TestDynamicPrice" name="test_update_sale_price_from_cost_04__100__0_19___50___0__100_" time="0.034" /><testcase classname="mnt.extra-addons.sale_dynamic_price.tests.test_dynamic_price.TestDynamicPrice" name="test_update_sale_price_from_cost_05__100__0_19___50____0_01__99_99_" time="0.032" /><testcase classname="mnt.extra-addons.sale_dynamic_price.tests.test_dynamic_price.TestDynamicPrice" name="test_update_sale_price_from_cost_06__53_44__0___1____0_03__52_97_" time="0.039" /><testcase classname="mnt.extra-addons.sale_dynamic_price.tests.test_dynamic_price.TestDynamicPrice" name="test_update_sale_price_from_cost_07__53_5__0___1____0_01__53_99_" time="0.050" /><testcase classname="mnt.extra-addons.sale_dynamic_price.tests.test_dynamic_price.TestDynamicPrice" name="test_update_sale_price_from_cost_08__53_46__0___0_5____0_01__53_49_" time="0.037" /><testcase classname="mnt.extra-addons.sale_dynamic_price.tests.test_dynamic_price.TestDynamicPrice" name="test_update_sale_price_from_cost_09__53_24__0___0_5___0__53_0_" time="0.036" /><testcase classname="mnt.extra-addons.sale_dynamic_price.tests.test_dynamic_price.TestDynamicPrice" name="test_update_sale_price_from_cost_10__53_25__0___0_5___0__53_5_" time="0.031" /><testcase classname="mnt.extra-addons.sale_dynamic_price.tests.test_dynamic_price.TestDynamicPrice" name="test_update_sale_price_from_cost_11__53_74__0___0_5___0__53_5_" time="0.031" /><testcase classname="mnt.extra-addons.sale_dynamic_price.tests.test_dynamic_price.TestDynamicPrice" name="test_update_sale_price_from_cost_12__53_75__0___0_5___0__54_" time="0.036" /><testcase classname="mnt.extra-addons.sale_dynamic_price.tests.test_dynamic_price.TestDynamicPrice" name="test_update_sale_price_from_cost_13__53_46__0___0_01___0__53_46_" time="0.046" /><testcase classname="mnt.extra-addons.sale_dynamic_price.tests.test_dynamic_price.TestDynamicPrice" name="test_update_sale_price_from_cost_14__53_42__0___0_05___0__53_4_" time="0.039" /><testcase classname="mnt.extra-addons.sale_dynamic_price.tests.test_dynamic_price.TestDynamicPrice" name="test_update_sale_price_from_cost_15__53_43__0___0_05___0__53_45_" time="0.040" /><testcase classname="mnt.extra-addons.sale_dynamic_price.tests.test_dynamic_price.TestDynamicPrice" name="test_update_sale_price_from_cost_16__53_47__0___0_05___0__53_45_" time="0.031" /><testcase classname="mnt.extra-addons.sale_dynamic_price.tests.test_dynamic_price.TestDynamicPrice" name="test_update_sale_price_from_cost_17__53_48__0___0_05___0__53_5_" time="0.034" /><testcase classname="mnt.extra-addons.sale_dynamic_price.tests.test_dynamic_price.TestDynamicPrice" name="test_update_sale_price_from_cost_18__12345_67__0___500____0_01__12499_99_" time="0.037" /><testcase classname="mnt.extra-addons.sale_dynamic_price.tests.test_dynamic_price.TestDynamicPrice" name="test_update_sale_price_from_cost_19__12345_67__0___0_01___0__12345_67_" time="0.052" /><testcase classname="mnt.extra-addons.sale_dynamic_price.tests.test_dynamic_price.TestDynamicPrice" name="test_update_sale_price_from_cost_20__12345_67__0___0_05___0__12345_65_" time="0.045" /><testcase classname="mnt.extra-addons.sale_dynamic_price.tests.test_dynamic_price.TestDynamicPrice" name="test_update_sale_price_from_cost_21__12345_67__0___0_1___0__12345_7_" time="0.038" /><testcase classname="mnt.extra-addons.sale_dynamic_price.tests.test_dynamic_price.TestDynamicPrice" name="test_update_sale_price_from_cost_22__12345_67__0___0_5___0__12345_5_" time="0.043" /><testcase classname="mnt.extra-addons.sale_dynamic_price.tests.test_dynamic_price.TestDynamicPrice" name="test_update_sale_price_from_cost_23__12345_67__0___1___0__12346_" time="0.038" /><testcase classname="mnt.extra-addons.sale_dynamic_price.tests.test_dynamic_price.TestDynamicPrice" name="test_update_sale_price_from_cost_24__12345_67__0___5___0__12345_" time="0.037" /><testcase classname="mnt.extra-addons.sale_dynamic_price.tests.test_dynamic_price.TestDynamicPrice" name="test_update_sale_price_from_cost_25__12345_67__0___10___0__12350_" time="0.045" /><testcase classname="mnt.extra-addons.sale_dynamic_price.tests.test_dynamic_price.TestDynamicPrice" name="test_update_sale_price_from_cost_26__12345_67__0___50___0__12350_" time="0.053" /><testcase classname="mnt.extra-addons.sale_dynamic_price.tests.test_dynamic_price.TestDynamicPrice" name="test_update_sale_price_from_cost_27__12345_67__0___100___0__12300_" time="0.048" /><testcase classname="mnt.extra-addons.sale_dynamic_price.tests.test_dynamic_price.TestDynamicPrice" name="test_update_sale_price_from_cost_28__12345_67__0___500___0__12500_" time="0.036" /><testcase classname="mnt.extra-addons.sale_dynamic_price.tests.test_dynamic_price.TestDynamicPrice" name="test_update_sale_price_from_cost_29__12345_67__0___1000___0__12000_" time="0.039" /><testcase classname="mnt.extra-addons.sale_dynamic_price.tests.test_sale_order.TestSaleOrderInForeignCurrency" name="test_currency_rate_applied_to_product_price" time="0.472" /><testcase classname="mnt.extra-addons.sale_dynamic_price.tests.test_sale_order.TestSaleOrderInForeignCurrency" name="test_price_rounding_applied_to_sale_order_line_1___0_01___123_46_" time="0.058" /><testcase classname="mnt.extra-addons.sale_dynamic_price.tests.test_sale_order.TestSaleOrderInForeignCurrency" name="test_price_rounding_applied_to_sale_order_line_2___0_05___123_45_" time="0.056" /><testcase classname="mnt.extra-addons.sale_dynamic_price.tests.test_sale_order.TestSaleOrderInForeignCurrency" name="test_price_rounding_applied_to_sale_order_line_3___0_1___123_5_" time="0.077" /><testcase classname="mnt.extra-addons.sale_dynamic_price.tests.test_sale_order.TestSaleOrderInForeignCurrency" name="test_price_rounding_applied_to_sale_order_line_4___1___123_0_" time="0.067" /><testcase classname="mnt.extra-addons.sale_dynamic_price.tests.test_sale_order.TestSaleOrderInForeignCurrency" name="test_price_rounding_applied_to_sale_order_line_5___10___120_0_" time="0.083" /><testcase classname="mnt.extra-addons.sale_dynamic_price.tests.test_sale_order.TestSaleOrderInForeignCurrency" name="test_price_surcharge_applied_to_sale_order_line_1__0__150_0_" time="0.090" /><testcase classname="mnt.extra-addons.sale_dynamic_price.tests.test_sale_order.TestSaleOrderInForeignCurrency" name="test_price_surcharge_applied_to_sale_order_line_2__False__150_0_" time="0.061" /><testcase classname="mnt.extra-addons.sale_dynamic_price.tests.test_sale_order.TestSaleOrderInForeignCurrency" name="test_price_surcharge_applied_to_sale_order_line_3___0_01__149_99_" time="0.063" /><testcase classname="mnt.extra-addons.sale_dynamic_price.tests.test_sale_order.TestSaleOrderInForeignCurrency" name="test_price_surcharge_applied_to_sale_order_line_4___0_03__149_97_" time="0.064" /><testcase classname="mnt.extra-addons.sale_dynamic_price.tests.test_variant_specific_price.TestVariantSpecificPrice" name="test_each_variant_has_distinct_list_price" time="0.320" /><testcase classname="mnt.extra-addons.sale_dynamic_price.tests.test_variant_specific_price.TestVariantSpecificPrice" name="test_each_variant_has_distinct_lst_price" time="0.015" /><testcase classname="mnt.extra-addons.sale_intercompany_service.tests.test_interco_service.TestWizard" name="test_fiscal_position_from_delivery_address" time="3.040" /><testcase classname="mnt.extra-addons.sale_intercompany_service.tests.test_interco_service.TestWizard" name="test_no_fiscal_position_defined" time="0.024" /><testcase classname="mnt.extra-addons.sale_intercompany_service.tests.test_interco_service.TestWizard" name="test_wizard_fields" time="0.045" /><testcase classname="mnt.extra-addons.sale_intercompany_service.tests.test_interco_service.TestOnchange" name="test_interco" time="2.951" /><testcase classname="mnt.extra-addons.sale_intercompany_service.tests.test_interco_service.TestOnchange" name="test_interco_with_invoice_address_selected" time="0.029" /><testcase classname="mnt.extra-addons.sale_intercompany_service.tests.test_interco_service.TestOnchange" name="test_non_interco" time="0.047" /><testcase classname="mnt.extra-addons.sale_intercompany_service.tests.test_interco_service.TestSaleOrderConstraints" name="test_customer_not_shared_between_companies" time="3.925" /><testcase classname="mnt.extra-addons.sale_intercompany_service.tests.test_interco_service.TestSaleOrderConstraints" name="test_delivery_address_not_shared_between_companies" time="0.069" /><testcase classname="mnt.extra-addons.sale_intercompany_service.tests.test_interco_service.TestSaleOrderConstraints" name="test_invoicing_address_not_shared_between_companies" time="0.063" /><testcase classname="mnt.extra-addons.sale_intercompany_service.tests.test_interco_service.TestSaleOrderConstraints" name="test_non_interco_partner" time="0.034" /><testcase classname="mnt.extra-addons.sale_intercompany_service.tests.test_interco_service.TestSaleOrderConstraints" name="test_product_not_shared_between_companies" time="0.125" /><testcase classname="mnt.extra-addons.sale_intercompany_service.tests.test_interco_service.TestIntercoInvoices" name="test_customer_invoice_does_not_need_to_match_amounts" time="5.596" /><testcase classname="mnt.extra-addons.sale_intercompany_service.tests.test_interco_service.TestIntercoInvoices" name="test_interco_customer_invoice" time="0.008" /><testcase classname="mnt.extra-addons.sale_intercompany_service.tests.test_interco_service.TestIntercoInvoices" name="test_interco_customer_invoice_line" time="0.015" /><testcase classname="mnt.extra-addons.sale_intercompany_service.tests.test_interco_service.TestIntercoInvoices" name="test_interco_invoice" time="0.020" /><testcase classname="mnt.extra-addons.sale_intercompany_service.tests.test_interco_service.TestIntercoInvoices" name="test_interco_invoice_line" time="0.037" /><testcase classname="mnt.extra-addons.sale_intercompany_service.tests.test_interco_service.TestIntercoInvoices" name="test_interco_invoice_price_not_matching" time="0.184" /><testcase classname="mnt.extra-addons.sale_intercompany_service.tests.test_interco_service.TestIntercoInvoices" name="test_interco_invoice_tax_amount_matching" time="0.603" /><testcase classname="mnt.extra-addons.sale_intercompany_service.tests.test_interco_service.TestIntercoInvoices" name="test_interco_supplier_invoice" time="0.008" /><testcase classname="mnt.extra-addons.sale_intercompany_service.tests.test_interco_service.TestIntercoInvoices" name="test_interco_supplier_invoice_line" time="0.030" /><testcase classname="mnt.extra-addons.sale_intercompany_service.tests.test_interco_service.TestIntercoInvoices" name="test_summary_from_customer_invoice" time="0.088" /><testcase classname="mnt.extra-addons.sale_intercompany_service.tests.test_interco_service.TestIntercoInvoices" name="test_summary_from_mother_invoice" time="0.063" /><testcase classname="mnt.extra-addons.sale_intercompany_service.tests.test_interco_service.TestIntercoInvoices" name="test_summary_from_sale_order" time="0.056" /><testcase classname="mnt.extra-addons.sale_intercompany_service.tests.test_interco_service.TestIntercoInvoices" name="test_summary_from_supplier_invoice" time="0.089" /><testcase classname="mnt.extra-addons.sale_intercompany_service.tests.test_interco_service.TestIntercoInvoices" name="test_supplier_invoice_price_not_matching" time="0.214" /><testcase classname="mnt.extra-addons.sale_invoice_email_warning.tests.test_sale_order.TestSaleOrder" name="test_email_defined" time="0.205" /><testcase classname="mnt.extra-addons.sale_invoice_email_warning.tests.test_sale_order.TestSaleOrder" name="test_email_not_defined" time="0.018" /><testcase classname="mnt.extra-addons.sale_invoice_group_by_order.tests.test_sale_order.TestInvoiceGrouping" name="test_grouping_disabled" time="1.086" /><testcase classname="mnt.extra-addons.sale_invoice_group_by_order.tests.test_sale_order.TestInvoiceGrouping" name="test_grouping_enabled" time="0.357" /><testcase classname="mnt.extra-addons.sale_invoice_no_follow.tests.test_invoice.TestInvoice" name="test_salesman_not_following" time="0.172" /><testcase classname="mnt.extra-addons.sale_kit.tests.test_sale_order_line.TestSaleOrderLine" name="test_available_kit_references" time="0.385" /><testcase classname="mnt.extra-addons.sale_kit.tests.test_sale_order_line.TestSaleOrderLine" name="test_change_kit_quantity" time="0.279" /><testcase classname="mnt.extra-addons.sale_kit.tests.test_sale_order_line.TestSaleOrderLine" name="test_change_kit_quantity__if_not_changed__price_not_updated" time="0.217" /><testcase classname="mnt.extra-addons.sale_kit.tests.test_sale_order_line.TestSaleOrderLine" name="test_change_kit_quantity__with_zero_previous_qty" time="0.251" /><testcase classname="mnt.extra-addons.sale_kit.tests.test_sale_order_line.TestSaleOrderLine" name="test_change_kit_quantity__with_zero_unit" time="0.227" /><testcase classname="mnt.extra-addons.sale_kit.tests.test_sale_order_line.TestSaleOrderLine" name="test_component_discount" time="0.255" /><testcase classname="mnt.extra-addons.sale_kit.tests.test_sale_order_line.TestSaleOrderLine" name="test_component_quantities" time="0.232" /><testcase classname="mnt.extra-addons.sale_kit.tests.test_sale_order_line.TestSaleOrderLine" name="test_component_uom" time="0.246" /><testcase classname="mnt.extra-addons.sale_kit.tests.test_sale_order_line.TestSaleOrderLine" name="test_extract_kit_number_1___K1___1_" time="0.007" /><testcase classname="mnt.extra-addons.sale_kit.tests.test_sale_order_line.TestSaleOrderLine" name="test_extract_kit_number_2___ABC999___999_" time="0.008" /><testcase classname="mnt.extra-addons.sale_kit.tests.test_sale_order_line.TestSaleOrderLine" name="test_extract_kit_number_3___WRONG___0_" time="0.006" /><testcase classname="mnt.extra-addons.sale_kit.tests.test_sale_order_line.TestSaleOrderLine" name="test_if_kit_line_deleted__components_deleted" time="0.413" /><testcase classname="mnt.extra-addons.sale_kit.tests.test_sale_order_line.TestSaleOrderLine" name="test_if_product_is_kit__then_line_is_kit" time="0.077" /><testcase classname="mnt.extra-addons.sale_kit.tests.test_sale_order_line.TestSaleOrderLine" name="test_if_product_is_kit__then_new_kit_reference" time="0.307" /><testcase classname="mnt.extra-addons.sale_kit.tests.test_sale_order_line.TestSaleOrderLine" name="test_if_product_is_not_kit__then_line_is_not_kit" time="0.075" /><testcase classname="mnt.extra-addons.sale_kit.tests.test_sale_order_line.TestSaleOrderLine" name="test_if_product_is_not_kit__then_no_new_kit_reference" time="0.071" /><testcase classname="mnt.extra-addons.sale_kit.tests.test_sale_order_line.TestSaleOrderLine" name="test_important_composant__readonly_conditions" time="0.239" /><testcase classname="mnt.extra-addons.sale_kit.tests.test_sale_order_line.TestSaleOrderLine" name="test_is_component" time="0.214" /><testcase classname="mnt.extra-addons.sale_kit.tests.test_sale_order_line.TestSaleOrderLine" name="test_is_important_kit_component" time="0.215" /><testcase classname="mnt.extra-addons.sale_kit.tests.test_sale_order_line.TestSaleOrderLine" name="test_kit_line__readonly_conditions" time="0.196" /><testcase classname="mnt.extra-addons.sale_kit.tests.test_sale_order_line.TestSaleOrderLine" name="test_next_kit_reference__with_empty_sale_order" time="0.007" /><testcase classname="mnt.extra-addons.sale_kit.tests.test_sale_order_line.TestSaleOrderLine" name="test_next_kit_reference__with_existing_lines" time="0.011" /><testcase classname="mnt.extra-addons.sale_kit.tests.test_sale_order_line.TestSaleOrderLine" name="test_non_important_composant__readonly_conditions" time="0.222" /><testcase classname="mnt.extra-addons.sale_kit.tests.test_sale_order_line.TestSaleOrderLine" name="test_one_line_added_per_component" time="0.277" /><testcase classname="mnt.extra-addons.sale_kit.tests.test_sale_order_line.TestSaleOrderLine" name="test_prices" time="0.202" /><testcase classname="mnt.extra-addons.sale_kit.tests.test_sale_order_line.TestSaleOrderLine" name="test_products" time="0.205" /><testcase classname="mnt.extra-addons.sale_kit.tests.test_sale_order_line.TestSectionsAndNotes" name="test_sale_order_line_display_types" time="0.433" /><testcase classname="mnt.extra-addons.sale_kit.tests.test_sale_order_line.TestSectionsAndNotes" name="test_sale_order_line_name" time="0.148" /><testcase classname="mnt.extra-addons.sale_kit.tests.test_sale_order_line_dates.TestDeliveredQty" name="test_important_components_delivered" time="1.166" /><testcase classname="mnt.extra-addons.sale_kit.tests.test_sale_order_line_dates.TestDeliveredQty" name="test_important_components_partially_delivered" time="0.241" /><testcase classname="mnt.extra-addons.sale_kit.tests.test_sale_order_line_dates.TestDeliveredQty" name="test_link_between_kit_and_components" time="0.005" /><testcase classname="mnt.extra-addons.sale_kit.tests.test_sale_order_line_dates.TestDeliveredQty" name="test_no_component_delivered" time="0.008" /><testcase classname="mnt.extra-addons.sale_kit.tests.test_sale_order_line_dates.TestDeliveredQty" name="test_second_important_component_delivered" time="0.200" /><testcase classname="mnt.extra-addons.sale_kit.tests.test_sale_order_line_delivered_qty.TestDeliveredQty" name="test_component_with_zero_ordered_qty" time="1.233" /><testcase classname="mnt.extra-addons.sale_kit.tests.test_sale_order_line_delivered_qty.TestDeliveredQty" name="test_fully_delivered" time="0.166" /><testcase classname="mnt.extra-addons.sale_kit.tests.test_sale_order_line_delivered_qty.TestDeliveredQty" name="test_link_between_kit_and_components" time="0.005" /><testcase classname="mnt.extra-addons.sale_kit.tests.test_sale_order_line_delivered_qty.TestDeliveredQty" name="test_no_component_delivered" time="0.010" /><testcase classname="mnt.extra-addons.sale_kit.tests.test_sale_order_line_delivered_qty.TestDeliveredQty" name="test_partially_delivered" time="0.350" /><testcase classname="mnt.extra-addons.sale_kit.tests.test_sale_order_line_sequence.TestKitComponentSorting" name="test_component_with_sequence_lower_than_kit" time="0.471" /><testcase classname="mnt.extra-addons.sale_kit.tests.test_sale_order_line_sequence.TestKitComponentSorting" name="test_reorder_kits" time="0.022" /><testcase classname="mnt.extra-addons.sale_kit.tests.test_sale_order_line_sequence.TestKitComponentSorting" name="test_sort_kit_lines" time="0.021" /><testcase classname="mnt.extra-addons.sale_minimum_margin.tests.test_margin_update_from_category.TestMinimumMarginUpdate" name="test_if_minimum_margin_greater_than_margin__price_is_increased" time="0.366" /><testcase classname="mnt.extra-addons.sale_minimum_margin.tests.test_margin_update_from_category.TestMinimumMarginUpdate" name="test_if_minimum_margin_not_greater_than_margin__price_unchanged_1_0_39" time="0.132" /><testcase classname="mnt.extra-addons.sale_minimum_margin.tests.test_margin_update_from_category.TestMinimumMarginUpdate" name="test_if_minimum_margin_not_greater_than_margin__price_unchanged_2_0_4" time="0.121" /><testcase classname="mnt.extra-addons.sale_minimum_margin.tests.test_margin_update_from_category.TestMinimumMarginUpdate" name="test_if_product_has_fixed_price__price_unchanged" time="0.151" /><testcase classname="mnt.extra-addons.sale_minimum_margin.tests.test_margin_update_from_category.TestMinimumMarginUpdate" name="test_if_product_is_not_in_category__price_unchanged" time="0.170" /><testcase classname="mnt.extra-addons.sale_minimum_margin.tests.test_minimum_margin_constraint.TestMinimumMarginConstrains" name="test_on_change__if_margin_lower_than_minimum__raise_error" time="0.711" /><testcase classname="mnt.extra-addons.sale_minimum_margin.tests.test_minimum_margin_constraint.TestMinimumMarginConstrains" name="test_on_change__if_not_lower_than_minimum__error_not_raised_1_0_3" time="0.019" /><testcase classname="mnt.extra-addons.sale_minimum_margin.tests.test_minimum_margin_constraint.TestMinimumMarginConstrains" name="test_on_change__if_not_lower_than_minimum__error_not_raised_2_0_31" time="0.018" /><testcase classname="mnt.extra-addons.sale_minimum_margin.tests.test_minimum_margin_constraint.TestMinimumMarginConstrains" name="test_on_create__if_margin_lower_and_not_sale_manager__raise_error" time="0.133" /><testcase classname="mnt.extra-addons.sale_minimum_margin.tests.test_minimum_margin_constraint.TestMinimumMarginConstrains" name="test_on_create__if_margin_lower_and_sale_manager__error_not_raised" time="0.213" /><testcase classname="mnt.extra-addons.sale_minimum_margin.tests.test_minimum_margin_constraint.TestMinimumMarginConstrains" name="test_on_create__if_margin_not_lower_and_not_sale_manager__error_not_raised_1_0_3" time="0.150" /><testcase classname="mnt.extra-addons.sale_minimum_margin.tests.test_minimum_margin_constraint.TestMinimumMarginConstrains" name="test_on_create__if_margin_not_lower_and_not_sale_manager__error_not_raised_2_0_31" time="0.160" /><testcase classname="mnt.extra-addons.sale_minimum_margin.tests.test_minimum_margin_constraint.TestMinimumMarginConstrains" name="test_on_create__if_not_dynamic_price__error_not_raised" time="0.143" /><testcase classname="mnt.extra-addons.sale_minimum_margin.tests.test_minimum_margin_constraint.TestMinimumMarginConstrains" name="test_on_write__if_dynamic_price_set_and_margin_not_set__error_raised" time="0.029" /><testcase classname="mnt.extra-addons.sale_minimum_margin.tests.test_minimum_margin_constraint.TestMinimumMarginConstrains" name="test_on_write__if_margin_lower_and_not_sale_manager__raise_error" time="0.035" /><testcase classname="mnt.extra-addons.sale_minimum_margin.tests.test_minimum_margin_constraint.TestMinimumMarginConstrains" name="test_on_write__if_margin_lower_and_sale_manager__error_not_raised" time="0.098" /><testcase classname="mnt.extra-addons.sale_minimum_margin.tests.test_minimum_margin_constraint.TestMinimumMarginConstrains" name="test_on_write__if_margin_not_lower_and_sale_manager__error_not_raised_1_0_3" time="0.038" /><testcase classname="mnt.extra-addons.sale_minimum_margin.tests.test_minimum_margin_constraint.TestMinimumMarginConstrains" name="test_on_write__if_margin_not_lower_and_sale_manager__error_not_raised_2_0_31" time="0.045" /><testcase classname="mnt.extra-addons.sale_minimum_margin.tests.test_minimum_margin_constraint.TestProductTemplateConstrains" name="test_on_change__if_margin_lower_than_minimum__raise_error" time="0.697" /><testcase classname="mnt.extra-addons.sale_minimum_margin.tests.test_minimum_margin_constraint.TestProductTemplateConstrains" name="test_on_change__if_not_lower_than_minimum__error_not_raised_1_0_3" time="0.025" /><testcase classname="mnt.extra-addons.sale_minimum_margin.tests.test_minimum_margin_constraint.TestProductTemplateConstrains" name="test_on_change__if_not_lower_than_minimum__error_not_raised_2_0_31" time="0.027" /><testcase classname="mnt.extra-addons.sale_minimum_margin.tests.test_minimum_margin_constraint.TestProductTemplateConstrains" name="test_on_create__if_margin_lower_and_not_sale_manager__raise_error" time="0.219" /><testcase classname="mnt.extra-addons.sale_minimum_margin.tests.test_minimum_margin_constraint.TestProductTemplateConstrains" name="test_on_create__if_margin_lower_and_sale_manager__error_not_raised" time="0.234" /><testcase classname="mnt.extra-addons.sale_minimum_margin.tests.test_minimum_margin_constraint.TestProductTemplateConstrains" name="test_on_create__if_margin_not_lower_and_not_sale_manager__error_not_raised_1_0_3" time="0.194" /><testcase classname="mnt.extra-addons.sale_minimum_margin.tests.test_minimum_margin_constraint.TestProductTemplateConstrains" name="test_on_create__if_margin_not_lower_and_not_sale_manager__error_not_raised_2_0_31" time="0.177" /><testcase classname="mnt.extra-addons.sale_minimum_margin.tests.test_minimum_margin_constraint.TestProductTemplateConstrains" name="test_on_create__if_not_dynamic_price__error_not_raised" time="0.172" /><testcase classname="mnt.extra-addons.sale_minimum_margin.tests.test_minimum_margin_constraint.TestProductTemplateConstrains" name="test_on_write__if_dynamic_price_set_and_margin_not_set__error_raised" time="0.041" /><testcase classname="mnt.extra-addons.sale_minimum_margin.tests.test_minimum_margin_constraint.TestProductTemplateConstrains" name="test_on_write__if_margin_lower_and_not_sale_manager__raise_error" time="0.052" /><testcase classname="mnt.extra-addons.sale_minimum_margin.tests.test_minimum_margin_constraint.TestProductTemplateConstrains" name="test_on_write__if_margin_lower_and_sale_manager__error_not_raised" time="0.129" /><testcase classname="mnt.extra-addons.sale_minimum_margin.tests.test_minimum_margin_constraint.TestProductTemplateConstrains" name="test_on_write__if_margin_not_lower_and_sale_manager__error_not_raised_1_0_3" time="0.046" /><testcase classname="mnt.extra-addons.sale_minimum_margin.tests.test_minimum_margin_constraint.TestProductTemplateConstrains" name="test_on_write__if_margin_not_lower_and_sale_manager__error_not_raised_2_0_31" time="0.053" /><testcase classname="mnt.extra-addons.sale_order_available_qty_popover.tests.test_sale_order_line.TestSaleOrderLine" name="test_color_green" time="2.704" /><testcase classname="mnt.extra-addons.sale_order_available_qty_popover.tests.test_sale_order_line.TestSaleOrderLine" name="test_color_red" time="0.068" /><testcase classname="mnt.extra-addons.sale_order_available_qty_popover.tests.test_sale_order_line.TestSaleOrderLine" name="test_color_yellow" time="0.070" /><testcase classname="mnt.extra-addons.sale_order_available_qty_popover.tests.test_sale_order_line.TestSaleOrderLine" name="test_one_quant" time="0.082" /><testcase classname="mnt.extra-addons.sale_order_available_qty_popover.tests.test_sale_order_line.TestSaleOrderLine" name="test_two_quants_in_different_warehoues" time="0.092" /><testcase classname="mnt.extra-addons.sale_order_available_qty_popover_rental.tests.test_sale_order_line.TestSaleOrderLine" name="test_rental_sale_order" time="1.650" /><testcase classname="mnt.extra-addons.sale_order_available_qty_popover_rental.tests.test_sale_order_line.TestSaleOrderLine" name="test_sale_order" time="0.219" /><testcase classname="mnt.extra-addons.sale_order_default_taxes.tests.test_sale_order_default_taxes.TestCRMAssignByArea" name="test_no_default_taxes" time="1.272" /><testcase classname="mnt.extra-addons.sale_order_default_taxes.tests.test_sale_order_default_taxes.TestCRMAssignByArea" name="test_taxes_from_company" time="1.164" /><testcase classname="mnt.extra-addons.sale_order_default_taxes.tests.test_sale_order_default_taxes.TestCRMAssignByArea" name="test_taxes_from_product" time="1.489" /><testcase classname="mnt.extra-addons.sale_order_line_checkbox.tests.test_sale_order_select_so_line.TestSaleOrder" name="test_assign_sales_team_from_partner_team" time="0.004"><skipped type="pytest.skip" message="Accounting Tests skipped because the user's company has no chart of accounts.">/usr/local/lib/python3.8/site-packages/_pytest/unittest.py:371: Accounting Tests skipped because the user's company has no chart of accounts.</skipped></testcase><testcase classname="mnt.extra-addons.sale_order_line_checkbox.tests.test_sale_order_select_so_line.TestSaleOrder" name="test_assign_sales_team_from_partner_user" time="0.001"><skipped type="pytest.skip" message="Accounting Tests skipped because the user's company has no chart of accounts.">/usr/local/lib/python3.8/site-packages/_pytest/unittest.py:371: Accounting Tests skipped because the user's company has no chart of accounts.</skipped></testcase><testcase classname="mnt.extra-addons.sale_order_line_checkbox.tests.test_sale_order_select_so_line.TestSaleOrder" name="test_assign_sales_team_when_changing_user" time="0.001"><skipped type="pytest.skip" message="Accounting Tests skipped because the user's company has no chart of accounts.">/usr/local/lib/python3.8/site-packages/_pytest/unittest.py:371: Accounting Tests skipped because the user's company has no chart of accounts.</skipped></testcase><testcase classname="mnt.extra-addons.sale_order_line_checkbox.tests.test_sale_order_select_so_line.TestSaleOrder" name="test_cost_invoicing" time="0.001"><skipped type="pytest.skip" message="Accounting Tests skipped because the user's company has no chart of accounts.">/usr/local/lib/python3.8/site-packages/_pytest/unittest.py:371: Accounting Tests skipped because the user's company has no chart of accounts.</skipped></testcase><testcase classname="mnt.extra-addons.sale_order_line_checkbox.tests.test_sale_order_select_so_line.TestSaleOrder" name="test_discount_and_amount_undiscounted" time="0.001"><skipped type="pytest.skip" message="Accounting Tests skipped because the user's company has no chart of accounts.">/usr/local/lib/python3.8/site-packages/_pytest/unittest.py:371: Accounting Tests skipped because the user's company has no chart of accounts.</skipped></testcase><testcase classname="mnt.extra-addons.sale_order_line_checkbox.tests.test_sale_order_select_so_line.TestSaleOrder" name="test_discount_and_untaxed_subtotal" time="0.001"><skipped type="pytest.skip" message="Accounting Tests skipped because the user's company has no chart of accounts.">/usr/local/lib/python3.8/site-packages/_pytest/unittest.py:371: Accounting Tests skipped because the user's company has no chart of accounts.</skipped></testcase><testcase classname="mnt.extra-addons.sale_order_line_checkbox.tests.test_sale_order_select_so_line.TestSaleOrder" name="test_free_product_and_price_include_fixed_tax" time="0.001"><skipped type="pytest.skip" message="Accounting Tests skipped because the user's company has no chart of accounts.">/usr/local/lib/python3.8/site-packages/_pytest/unittest.py:371: Accounting Tests skipped because the user's company has no chart of accounts.</skipped></testcase><testcase classname="mnt.extra-addons.sale_order_line_checkbox.tests.test_sale_order_select_so_line.TestSaleOrder" name="test_group_invoice" time="0.001"><skipped type="pytest.skip" message="Accounting Tests skipped because the user's company has no chart of accounts.">/usr/local/lib/python3.8/site-packages/_pytest/unittest.py:371: Accounting Tests skipped because the user's company has no chart of accounts.</skipped></testcase><testcase classname="mnt.extra-addons.sale_order_line_checkbox.tests.test_sale_order_select_so_line.TestSaleOrder" name="test_invoice_state_when_ordered_quantity_is_negative" time="0.001"><skipped type="pytest.skip" message="Accounting Tests skipped because the user's company has no chart of accounts.">/usr/local/lib/python3.8/site-packages/_pytest/unittest.py:371: Accounting Tests skipped because the user's company has no chart of accounts.</skipped></testcase><testcase classname="mnt.extra-addons.sale_order_line_checkbox.tests.test_sale_order_select_so_line.TestSaleOrder" name="test_keep_sales_team_when_changing_user_with_no_team" time="0.001"><skipped type="pytest.skip" message="Accounting Tests skipped because the user's company has no chart of accounts.">/usr/local/lib/python3.8/site-packages/_pytest/unittest.py:371: Accounting Tests skipped because the user's company has no chart of accounts.</skipped></testcase><testcase classname="mnt.extra-addons.sale_order_line_checkbox.tests.test_sale_order_select_so_line.TestSaleOrder" name="test_multi_currency_discount" time="0.001"><skipped type="pytest.skip" message="Accounting Tests skipped because the user's company has no chart of accounts.">/usr/local/lib/python3.8/site-packages/_pytest/unittest.py:371: Accounting Tests skipped because the user's company has no chart of accounts.</skipped></testcase><testcase classname="mnt.extra-addons.sale_order_line_checkbox.tests.test_sale_order_select_so_line.TestSaleOrder" name="test_sale_order" time="0.001"><skipped type="pytest.skip" message="Accounting Tests skipped because the user's company has no chart of accounts.">/usr/local/lib/python3.8/site-packages/_pytest/unittest.py:371: Accounting Tests skipped because the user's company has no chart of accounts.</skipped></testcase><testcase classname="mnt.extra-addons.sale_order_line_checkbox.tests.test_sale_order_select_so_line.TestSaleOrder" name="test_sale_order_analytic_tag_change" time="0.001"><skipped type="pytest.skip" message="Accounting Tests skipped because the user's company has no chart of accounts.">/usr/local/lib/python3.8/site-packages/_pytest/unittest.py:371: Accounting Tests skipped because the user's company has no chart of accounts.</skipped></testcase><testcase classname="mnt.extra-addons.sale_order_line_checkbox.tests.test_sale_order_select_so_line.TestSaleOrder" name="test_sale_order_send_to_self" time="0.001"><skipped type="pytest.skip" message="Accounting Tests skipped because the user's company has no chart of accounts.">/usr/local/lib/python3.8/site-packages/_pytest/unittest.py:371: Accounting Tests skipped because the user's company has no chart of accounts.</skipped></testcase><testcase classname="mnt.extra-addons.sale_order_line_checkbox.tests.test_sale_order_select_so_line.TestSaleOrder" name="test_sale_sequence" time="0.001"><skipped type="pytest.skip" message="Accounting Tests skipped because the user's company has no chart of accounts.">/usr/local/lib/python3.8/site-packages/_pytest/unittest.py:371: Accounting Tests skipped because the user's company has no chart of accounts.</skipped></testcase><testcase classname="mnt.extra-addons.sale_order_line_checkbox.tests.test_sale_order_select_so_line.TestSaleOrder" name="test_sale_with_taxes" time="0.001"><skipped type="pytest.skip" message="Accounting Tests skipped because the user's company has no chart of accounts.">/usr/local/lib/python3.8/site-packages/_pytest/unittest.py:371: Accounting Tests skipped because the user's company has no chart of accounts.</skipped></testcase><testcase classname="mnt.extra-addons.sale_order_line_checkbox.tests.test_sale_order_select_so_line.TestSaleOrder" name="test_so_create_multicompany" time="0.001"><skipped type="pytest.skip" message="Accounting Tests skipped because the user's company has no chart of accounts.">/usr/local/lib/python3.8/site-packages/_pytest/unittest.py:371: Accounting Tests skipped because the user's company has no chart of accounts.</skipped></testcase><testcase classname="mnt.extra-addons.sale_order_line_checkbox.tests.test_sale_order_select_so_line.TestSaleOrder" name="test_so_note_to_invoice" time="0.001"><skipped type="pytest.skip" message="Accounting Tests skipped because the user's company has no chart of accounts.">/usr/local/lib/python3.8/site-packages/_pytest/unittest.py:371: Accounting Tests skipped because the user's company has no chart of accounts.</skipped></testcase><testcase classname="mnt.extra-addons.sale_order_line_checkbox.tests.test_sale_order_select_so_line.TestSaleOrder" name="test_sol_name_search" time="0.001"><skipped type="pytest.skip" message="Accounting Tests skipped because the user's company has no chart of accounts.">/usr/local/lib/python3.8/site-packages/_pytest/unittest.py:371: Accounting Tests skipped because the user's company has no chart of accounts.</skipped></testcase><testcase classname="mnt.extra-addons.sale_order_line_checkbox.tests.test_sale_order_select_so_line.TestSaleOrder" name="test_unlink_cancel" time="0.001"><skipped type="pytest.skip" message="Accounting Tests skipped because the user's company has no chart of accounts.">/usr/local/lib/python3.8/site-packages/_pytest/unittest.py:371: Accounting Tests skipped because the user's company has no chart of accounts.</skipped></testcase><testcase classname="mnt.extra-addons.sale_order_line_checkbox.tests.test_sale_order_select_so_line.TestSOSelectSoLine" name="test_assign_sales_team_from_partner_team" time="0.005"><skipped type="pytest.skip" message="Accounting Tests skipped because the user's company has no chart of accounts.">/usr/local/lib/python3.8/site-packages/_pytest/unittest.py:371: Accounting Tests skipped because the user's company has no chart of accounts.</skipped></testcase><testcase classname="mnt.extra-addons.sale_order_line_checkbox.tests.test_sale_order_select_so_line.TestSOSelectSoLine" name="test_assign_sales_team_from_partner_user" time="0.001"><skipped type="pytest.skip" message="Accounting Tests skipped because the user's company has no chart of accounts.">/usr/local/lib/python3.8/site-packages/_pytest/unittest.py:371: Accounting Tests skipped because the user's company has no chart of accounts.</skipped></testcase><testcase classname="mnt.extra-addons.sale_order_line_checkbox.tests.test_sale_order_select_so_line.TestSOSelectSoLine" name="test_assign_sales_team_when_changing_user" time="0.001"><skipped type="pytest.skip" message="Accounting Tests skipped because the user's company has no chart of accounts.">/usr/local/lib/python3.8/site-packages/_pytest/unittest.py:371: Accounting Tests skipped because the user's company has no chart of accounts.</skipped></testcase><testcase classname="mnt.extra-addons.sale_order_line_checkbox.tests.test_sale_order_select_so_line.TestSOSelectSoLine" name="test_cost_invoicing" time="0.001"><skipped type="pytest.skip" message="Accounting Tests skipped because the user's company has no chart of accounts.">/usr/local/lib/python3.8/site-packages/_pytest/unittest.py:371: Accounting Tests skipped because the user's company has no chart of accounts.</skipped></testcase><testcase classname="mnt.extra-addons.sale_order_line_checkbox.tests.test_sale_order_select_so_line.TestSOSelectSoLine" name="test_discount_and_amount_undiscounted" time="0.001"><skipped type="pytest.skip" message="Accounting Tests skipped because the user's company has no chart of accounts.">/usr/local/lib/python3.8/site-packages/_pytest/unittest.py:371: Accounting Tests skipped because the user's company has no chart of accounts.</skipped></testcase><testcase classname="mnt.extra-addons.sale_order_line_checkbox.tests.test_sale_order_select_so_line.TestSOSelectSoLine" name="test_discount_and_untaxed_subtotal" time="0.001"><skipped type="pytest.skip" message="Accounting Tests skipped because the user's company has no chart of accounts.">/usr/local/lib/python3.8/site-packages/_pytest/unittest.py:371: Accounting Tests skipped because the user's company has no chart of accounts.</skipped></testcase><testcase classname="mnt.extra-addons.sale_order_line_checkbox.tests.test_sale_order_select_so_line.TestSOSelectSoLine" name="test_free_product_and_price_include_fixed_tax" time="0.001"><skipped type="pytest.skip" message="Accounting Tests skipped because the user's company has no chart of accounts.">/usr/local/lib/python3.8/site-packages/_pytest/unittest.py:371: Accounting Tests skipped because the user's company has no chart of accounts.</skipped></testcase><testcase classname="mnt.extra-addons.sale_order_line_checkbox.tests.test_sale_order_select_so_line.TestSOSelectSoLine" name="test_group_invoice" time="0.001"><skipped type="pytest.skip" message="Accounting Tests skipped because the user's company has no chart of accounts.">/usr/local/lib/python3.8/site-packages/_pytest/unittest.py:371: Accounting Tests skipped because the user's company has no chart of accounts.</skipped></testcase><testcase classname="mnt.extra-addons.sale_order_line_checkbox.tests.test_sale_order_select_so_line.TestSOSelectSoLine" name="test_invoice_state_when_ordered_quantity_is_negative" time="0.001"><skipped type="pytest.skip" message="Accounting Tests skipped because the user's company has no chart of accounts.">/usr/local/lib/python3.8/site-packages/_pytest/unittest.py:371: Accounting Tests skipped because the user's company has no chart of accounts.</skipped></testcase><testcase classname="mnt.extra-addons.sale_order_line_checkbox.tests.test_sale_order_select_so_line.TestSOSelectSoLine" name="test_keep_sales_team_when_changing_user_with_no_team" time="0.001"><skipped type="pytest.skip" message="Accounting Tests skipped because the user's company has no chart of accounts.">/usr/local/lib/python3.8/site-packages/_pytest/unittest.py:371: Accounting Tests skipped because the user's company has no chart of accounts.</skipped></testcase><testcase classname="mnt.extra-addons.sale_order_line_checkbox.tests.test_sale_order_select_so_line.TestSOSelectSoLine" name="test_multi_currency_discount" time="0.001"><skipped type="pytest.skip" message="Accounting Tests skipped because the user's company has no chart of accounts.">/usr/local/lib/python3.8/site-packages/_pytest/unittest.py:371: Accounting Tests skipped because the user's company has no chart of accounts.</skipped></testcase><testcase classname="mnt.extra-addons.sale_order_line_checkbox.tests.test_sale_order_select_so_line.TestSOSelectSoLine" name="test_sale_order" time="0.001"><skipped type="pytest.skip" message="Accounting Tests skipped because the user's company has no chart of accounts.">/usr/local/lib/python3.8/site-packages/_pytest/unittest.py:371: Accounting Tests skipped because the user's company has no chart of accounts.</skipped></testcase><testcase classname="mnt.extra-addons.sale_order_line_checkbox.tests.test_sale_order_select_so_line.TestSOSelectSoLine" name="test_sale_order_analytic_tag_change" time="0.001"><skipped type="pytest.skip" message="Accounting Tests skipped because the user's company has no chart of accounts.">/usr/local/lib/python3.8/site-packages/_pytest/unittest.py:371: Accounting Tests skipped because the user's company has no chart of accounts.</skipped></testcase><testcase classname="mnt.extra-addons.sale_order_line_checkbox.tests.test_sale_order_select_so_line.TestSOSelectSoLine" name="test_sale_order_send_to_self" time="0.001"><skipped type="pytest.skip" message="Accounting Tests skipped because the user's company has no chart of accounts.">/usr/local/lib/python3.8/site-packages/_pytest/unittest.py:371: Accounting Tests skipped because the user's company has no chart of accounts.</skipped></testcase><testcase classname="mnt.extra-addons.sale_order_line_checkbox.tests.test_sale_order_select_so_line.TestSOSelectSoLine" name="test_sale_sequence" time="0.001"><skipped type="pytest.skip" message="Accounting Tests skipped because the user's company has no chart of accounts.">/usr/local/lib/python3.8/site-packages/_pytest/unittest.py:371: Accounting Tests skipped because the user's company has no chart of accounts.</skipped></testcase><testcase classname="mnt.extra-addons.sale_order_line_checkbox.tests.test_sale_order_select_so_line.TestSOSelectSoLine" name="test_sale_with_taxes" time="0.001"><skipped type="pytest.skip" message="Accounting Tests skipped because the user's company has no chart of accounts.">/usr/local/lib/python3.8/site-packages/_pytest/unittest.py:371: Accounting Tests skipped because the user's company has no chart of accounts.</skipped></testcase><testcase classname="mnt.extra-addons.sale_order_line_checkbox.tests.test_sale_order_select_so_line.TestSOSelectSoLine" name="test_select_batch_of_so_line" time="0.001"><skipped type="pytest.skip" message="Accounting Tests skipped because the user's company has no chart of accounts.">/usr/local/lib/python3.8/site-packages/_pytest/unittest.py:371: Accounting Tests skipped because the user's company has no chart of accounts.</skipped></testcase><testcase classname="mnt.extra-addons.sale_order_line_checkbox.tests.test_sale_order_select_so_line.TestSOSelectSoLine" name="test_so_create_multicompany" time="0.001"><skipped type="pytest.skip" message="Accounting Tests skipped because the user's company has no chart of accounts.">/usr/local/lib/python3.8/site-packages/_pytest/unittest.py:371: Accounting Tests skipped because the user's company has no chart of accounts.</skipped></testcase><testcase classname="mnt.extra-addons.sale_order_line_checkbox.tests.test_sale_order_select_so_line.TestSOSelectSoLine" name="test_so_note_to_invoice" time="0.001"><skipped type="pytest.skip" message="Accounting Tests skipped because the user's company has no chart of accounts.">/usr/local/lib/python3.8/site-packages/_pytest/unittest.py:371: Accounting Tests skipped because the user's company has no chart of accounts.</skipped></testcase><testcase classname="mnt.extra-addons.sale_order_line_checkbox.tests.test_sale_order_select_so_line.TestSOSelectSoLine" name="test_sol_name_search" time="0.001"><skipped type="pytest.skip" message="Accounting Tests skipped because the user's company has no chart of accounts.">/usr/local/lib/python3.8/site-packages/_pytest/unittest.py:371: Accounting Tests skipped because the user's company has no chart of accounts.</skipped></testcase><testcase classname="mnt.extra-addons.sale_order_line_checkbox.tests.test_sale_order_select_so_line.TestSOSelectSoLine" name="test_unlink_cancel" time="0.003"><skipped type="pytest.skip" message="Accounting Tests skipped because the user's company has no chart of accounts.">/usr/local/lib/python3.8/site-packages/_pytest/unittest.py:371: Accounting Tests skipped because the user's company has no chart of accounts.</skipped></testcase><testcase classname="mnt.extra-addons.sale_order_margin_percent.tests.test_sale_order.TestSaleOrder" name="test_line_margin_1__70__100__0_3_" time="0.495" /><testcase classname="mnt.extra-addons.sale_order_margin_percent.tests.test_sale_order.TestSaleOrder" name="test_line_margin_2__70__0__0_" time="0.052" /><testcase classname="mnt.extra-addons.sale_order_margin_percent.tests.test_sale_order.TestSaleOrder" name="test_order_margin_1__70__100__0_3_" time="0.068" /><testcase classname="mnt.extra-addons.sale_order_margin_percent.tests.test_sale_order.TestSaleOrder" name="test_order_margin_2__70__0__0_" time="0.046" /><testcase classname="mnt.extra-addons.sale_order_margin_percent.tests.test_sale_order.TestSaleOrder" name="test_order_margin_with_2_lines" time="0.170" /><testcase classname="mnt.extra-addons.sale_order_partner_restrict_affiliates.tests.test_sale_order_partner_restrict.TestSaleOrderPartnerRestrict" name="test_sale_order_partner_restrict_option_only_children" time="0.284" /><testcase classname="mnt.extra-addons.sale_order_weight.tests.test_sale_order_weight.TestSaleOrderWeight" name="test_multiple_sale_order_lines" time="0.603" /><testcase classname="mnt.extra-addons.sale_order_weight.tests.test_sale_order_weight.TestSaleOrderWeight" name="test_product_with_weight_in_lb" time="0.162" /><testcase classname="mnt.extra-addons.sale_order_weight.tests.test_sale_order_weight.TestSaleOrderWeight" name="test_product_with_weight_in_other_uom" time="0.154" /><testcase classname="mnt.extra-addons.sale_order_weight.tests.test_sale_order_weight.TestSaleOrderWeight" name="test_sale_order_line_update" time="0.214" /><testcase classname="mnt.extra-addons.sale_order_weight.tests.test_sale_order_weight.TestSaleOrderWeight" name="test_sale_order_line_with_custom_uom" time="0.187" /><testcase classname="mnt.
[...]
sale_warranty.tests.test_expired_warranties_cron.TestExpiredWarrantiesCron" name="test_if_expiration_date_after_today_then_warranty_active" time="0.205" /><testcase classname="mnt.extra-addons.sale_warranty.tests.test_expired_warranties_cron.TestExpiredWarrantiesCron" name="test_if_expiration_date_before_today_then_warranty_expired" time="0.017" /><testcase classname="mnt.extra-addons.sale_warranty.tests.test_expired_warranties_cron.TestExpiredWarrantiesCron" name="test_if_expiration_date_is_today_then_warranty_active" time="0.016" /><testcase classname="mnt.extra-addons.sale_warranty.tests.test_generate_warranties_on_sale.TestSaleOrderWithSingleProductAndWarranty" name="test_commercial_partner_propagated_to_warranty" time="1.202" /><testcase classname="mnt.extra-addons.sale_warranty.tests.test_generate_warranties_on_sale.TestSaleOrderWithSingleProductAndWarranty" name="test_on_add_extra_order_line_extra_warranty_is_added" time="0.183" /><testcase classname="mnt.extra-addons.sale_warranty.tests.test_generate_warranties_on_sale.TestSaleOrderWithSingleProductAndWarranty" name="test_on_add_extra_quantity_then_extra_warranty_is_added" time="0.331" /><testcase classname="mnt.extra-addons.sale_warranty.tests.test_generate_warranties_on_sale.TestSaleOrderWithSingleProductAndWarranty" name="test_on_sale_order_confirm_warranty_is_created" time="0.004" /><testcase classname="mnt.extra-addons.sale_warranty.tests.test_generate_warranties_on_sale.TestSaleOrderWithSingleProductAndWarranty" name="test_on_sale_order_confirm_warranty_state_is_pending" time="0.006" /><testcase classname="mnt.extra-addons.sale_warranty.tests.test_generate_warranties_on_sale.TestSaleOrderWithSingleProductAndWarranty" name="test_one_warranty_created_per_product_unit" time="0.343" /><testcase classname="mnt.extra-addons.sale_warranty.tests.test_generate_warranties_on_sale.TestSaleOrderWithSingleProductAndWarranty" name="test_order_line_can_be_deleted_after_confirmation" time="0.108" /><testcase classname="mnt.extra-addons.sale_warranty.tests.test_generate_warranties_on_sale.TestSaleOrderWithSingleProductAndWarranty" name="test_product_propagated_to_warranty" time="0.005" /><testcase classname="mnt.extra-addons.sale_warranty.tests.test_generate_warranties_on_sale.TestSaleOrderWithSingleProductAndWarranty" name="test_sale_line_propagated_to_warranty" time="0.007" /><testcase classname="mnt.extra-addons.sale_warranty.tests.test_generate_warranties_on_sale.TestSaleOrderWithSingleProductAndWarranty" name="test_warranty_description_propagated_from_warranty_type" time="0.006" /><testcase classname="mnt.extra-addons.sale_warranty.tests.test_generate_warranties_on_sale.TestSaleOrderWithSingleProductAndWarranty" name="test_warranty_type_propagated_from_product" time="0.007" /><testcase classname="mnt.extra-addons.sale_warranty.tests.test_generate_warranties_on_sale.TestNonSerializedProducts" name="test_add_quantity_to_non_serialized_product" time="1.272" /><testcase classname="mnt.extra-addons.sale_warranty.tests.test_generate_warranties_on_sale.TestNonSerializedProducts" name="test_if_not_allowed__raise_error" time="0.014" /><testcase classname="mnt.extra-addons.sale_warranty.tests.test_generate_warranties_on_sale.TestNonSerializedProducts" name="test_non_serialized_product_allowed" time="0.385" /><testcase classname="mnt.extra-addons.sale_warranty.tests.test_generate_warranties_on_sale.TestSaleOrderWithCustomNumberOfWarranties" name="test_company_warranties_are_applied" time="2.203" /><testcase classname="mnt.extra-addons.sale_warranty.tests.test_generate_warranties_on_sale.TestSaleOrderWithCustomNumberOfWarranties" name="test_if_no_specific_company_on_warranty_type__warranty_is_applied" time="0.336" /><testcase classname="mnt.extra-addons.sale_warranty.tests.test_generate_warranties_on_sale.TestSaleOrderWithCustomNumberOfWarranties" name="test_if_product_has_multiple_warranties_then_each_warranty_created" time="0.370" /><testcase classname="mnt.extra-addons.sale_warranty.tests.test_generate_warranties_on_sale.TestSaleOrderWithCustomNumberOfWarranties" name="test_if_product_not_warranteed_no_warranty_created" time="0.341" /><testcase classname="mnt.extra-addons.sale_warranty.tests.test_product.TestProduct" name="test_if_non_serialized_product_allowed__warranty_type_selectable" time="1.009" /><testcase classname="mnt.extra-addons.sale_warranty.tests.test_product.TestProduct" name="test_if_serialized_only__warranty_type_not_selectable" time="0.029" /><testcase classname="mnt.extra-addons.sale_warranty.tests.test_warranty_constraints.TestWarrantyConstraints" name="test_extension_start_must_be_prior_to_expiry" time="1.033" /><testcase classname="mnt.extra-addons.sale_warranty_extension.tests.test_expired_warranties_cron.TestExtensionOnWarrantyActivation" name="test_if_expiration_date_after_today_then_warranty_active" time="0.180" /><testcase classname="mnt.extra-addons.sale_warranty_extension.tests.test_expired_warranties_cron.TestExtensionOnWarrantyActivation" name="test_if_expiration_date_before_today_then_warranty_expired" time="0.015" /><testcase classname="mnt.extra-addons.sale_warranty_extension.tests.test_expired_warranties_cron.TestExtensionOnWarrantyActivation" name="test_if_expiration_date_is_today_then_warranty_active" time="0.014" /><testcase classname="mnt.extra-addons.sale_warranty_extension.tests.test_expired_warranties_cron.TestExtensionOnWarrantyActivation" name="test_if_not_use_warranty_extension__then_activation_date_used" time="0.019" /><testcase classname="mnt.extra-addons.sale_warranty_extension.tests.test_warranty_activation.TestExtensionOnWarrantyActivation" name="test_if_contact_has_same_parent_company__extension_is_applied" time="1.668" /><testcase classname="mnt.extra-addons.sale_warranty_extension.tests.test_warranty_activation.TestExtensionOnWarrantyActivation" name="test_if_contact_in_other_company__extension_is_not_applied" time="0.373" /><testcase classname="mnt.extra-addons.sale_warranty_extension.tests.test_warranty_activation.TestExtensionOnWarrantyActivation" name="test_if_customer_is_the_commercial_partner__extension_is_applied" time="0.299" /><testcase classname="mnt.extra-addons.sale_warranty_extension.tests.test_warranty_activation.TestExtensionOnWarrantyActivation" name="test_if_draft_subscription__extension_is_not_applied" time="0.285" /><testcase classname="mnt.extra-addons.sale_warranty_extension.tests.test_warranty_activation.TestExtensionOnWarrantyActivation" name="test_if_multiple_active_subscription__extension_is_applied" time="0.295" /><testcase classname="mnt.extra-addons.sale_warranty_extension.tests.test_warranty_activation.TestExtensionOnWarrantyActivation" name="test_if_not_same_subscription_template__extension_is_not_applied" time="0.323" /><testcase classname="mnt.extra-addons.sale_warranty_extension.tests.test_warranty_activation.TestExtensionOnWarrantyActivation" name="test_if_not_use_warranty_extension__extension_is_not_applied" time="0.267" /><testcase classname="mnt.extra-addons.sale_warranty_extension.tests.test_warranty_activation.TestExtensionOnWarrantyActivation" name="test_if_subscription_closed__extension_is_not_applied" time="0.280" /><testcase classname="mnt.extra-addons.sale_warranty_extension.tests.test_warranty_activation.TestExtensionOnWarrantyActivation" name="test_if_subscription_in_progress__extension_is_applied" time="0.311" /><testcase classname="mnt.extra-addons.sale_warranty_extension.tests.test_warranty_activation.TestExtensionOnWarrantyActivation" name="test_warranty_extension_end_date" time="0.278" /><testcase classname="mnt.extra-addons.sale_warranty_extension.tests.test_warranty_activation.TestExtensionOnWarrantyActivation" name="test_warranty_extension_start_date" time="0.273" /><testcase classname="mnt.extra-addons.sale_warranty_extension.tests.test_warranty_activation.TestExtensionOnWarrantyActivation" name="test_warranty_extension_subscription" time="0.295" /><testcase classname="mnt.extra-addons.sale_warranty_extension.tests.test_warranty_constraints.TestWarrantyConstraints" name="test_extension_start_must_be_prior_to_expiry" time="1.035" /><testcase classname="mnt.extra-addons.sale_warranty_lead_on_expiry.tests.test_lead_on_expiry_cron.TestLeadOnExpiryCron" name="test_generated_lead_type_is_opportunity" time="0.299" /><testcase classname="mnt.extra-addons.sale_warranty_lead_on_expiry.tests.test_lead_on_expiry_cron.TestLeadOnExpiryCron" name="test_if_days_to_trigger_not_reached__no_lead_created" time="0.024" /><testcase classname="mnt.extra-addons.sale_warranty_lead_on_expiry.tests.test_lead_on_expiry_cron.TestLeadOnExpiryCron" name="test_if_days_to_trigger_reached__new_lead_created" time="0.148" /><testcase classname="mnt.extra-addons.sale_warranty_lead_on_expiry.tests.test_lead_on_expiry_cron.TestLeadOnExpiryCron" name="test_if_existing_lead__no_new_lead_created" time="0.212" /><testcase classname="mnt.extra-addons.sale_warranty_lead_on_expiry.tests.test_lead_on_expiry_cron.TestLeadOnExpiryCron" name="test_if_no_existing_lead__new_lead_created" time="0.140" /><testcase classname="mnt.extra-addons.sale_warranty_lead_on_expiry.tests.test_lead_on_expiry_cron.TestLeadOnExpiryCron" name="test_if_warranty_has_different_customer__new_lead_created" time="0.256" /><testcase classname="mnt.extra-addons.sale_warranty_lead_on_expiry.tests.test_lead_on_expiry_cron.TestWarrantiesWithExtension" name="test_if_days_to_trigger_not_reached__no_lead_created" time="0.244" /><testcase classname="mnt.extra-addons.sale_warranty_lead_on_expiry.tests.test_lead_on_expiry_cron.TestWarrantiesWithExtension" name="test_if_days_to_trigger_reached__new_lead_created" time="0.144" /><testcase classname="mnt.extra-addons.sale_warranty_lead_on_expiry.tests.test_lead_on_expiry_cron.TestDelayBetweenLeadCreation" name="test_after_custom_delay__new_lead_created" time="0.457" /><testcase classname="mnt.extra-addons.sale_warranty_lead_on_expiry.tests.test_lead_on_expiry_cron.TestDelayBetweenLeadCreation" name="test_after_delay__new_lead_created" time="0.188" /><testcase classname="mnt.extra-addons.sale_warranty_lead_on_expiry.tests.test_lead_on_expiry_cron.TestDelayBetweenLeadCreation" name="test_one_day_before_custom_delay__new_lead_created" time="0.128" /><testcase classname="mnt.extra-addons.sale_warranty_lead_on_expiry.tests.test_lead_on_expiry_cron.TestDelayBetweenLeadCreation" name="test_one_day_before_delay__no_new_lead_created" time="0.134" /><testcase classname="mnt.extra-addons.sale_whole_order_invoiced.tests.test_sale_order.TestSaleOrder" name="test_after_wizard_processed__invoice_created_1_delivered" time="0.837" /><testcase classname="mnt.extra-addons.sale_whole_order_invoiced.tests.test_sale_order.TestSaleOrder" name="test_after_wizard_processed__invoice_created_2_whole_order" time="0.251" /><testcase classname="mnt.extra-addons.sale_whole_order_invoiced.tests.test_sale_order.TestSaleOrder" name="test_if_not_whole_order__order_status_not_invoiced_1_delivered" time="0.246" /><testcase classname="mnt.extra-addons.sale_whole_order_invoiced.tests.test_sale_order.TestSaleOrder" name="test_if_whole_order__order_status_invoiced" time="0.276" /><testcase classname="mnt.extra-addons.sale_whole_order_invoiced.tests.test_sale_order.TestSaleOrder" name="test_on_copy__whole_order_invoiced_not_propagated" time="0.143" /><testcase classname="mnt.extra-addons.sale_whole_order_invoiced.tests.test_sale_order.TestSaleOrder" name="test_on_set_whole_order_invoiced__line_status_set_to_invoiced" time="0.018" /><testcase classname="mnt.extra-addons.sale_whole_order_invoiced.tests.test_sale_order.TestSaleOrder" name="test_on_set_whole_order_invoiced__status_set_to_invoiced" time="0.029" /><testcase classname="mnt.extra-addons.sale_xmlrpc_compatible.tests.test_sale_order.TestSaleOrder" name="test_update_prices" time="0.436" /><testcase classname="mnt.extra-addons.website_sale_request_price.tests.test_website_sale_request_price.TestWebsiteSaleRequestPrice" name="test_create_request__with_float_product_id" time="0.248" /><testcase classname="mnt.extra-addons.website_sale_request_price.tests.test_website_sale_request_price.TestWebsiteSaleRequestPrice" name="test_create_website_sale_request__flow" time="0.095" /><testcase classname="mnt.extra-addons.website_sale_request_price.tests.test_website_sale_request_price.TestWebsiteSaleRequestPrice" name="test_request_price_not_required" time="0.025" /><testcase classname="mnt.extra-addons.website_sale_request_price.tests.test_website_sale_request_price.TestWebsiteSaleRequestPrice" name="test_request_price_required_1_500" time="0.035" /><testcase classname="mnt.extra-addons.website_sale_request_price.tests.test_website_sale_request_price.TestWebsiteSaleRequestPrice" name="test_request_price_required_2_501" time="0.035" /><testcase classname="mnt.extra-addons.website_stock_availability_enhanced.tests.test_product_availability.TestProductAvailability" name="test_block_website_sales_based_on__replenishment_available" time="0.181" /><testcase classname="mnt.extra-addons.website_stock_availability_enhanced.tests.test_product_availability.TestProductAvailability" name="test_block_website_sales_based_on__sale_available_1_always" time="0.050" /><testcase classname="mnt.extra-addons.website_stock_availability_enhanced.tests.test_product_availability.TestProductAvailability" name="test_block_website_sales_based_on__sale_available_2_threshold" time="0.078" /><testcase classname="mnt.extra-addons.website_stock_availability_enhanced.tests.test_product_availability.TestProductAvailability" name="test_disable_add_to_cart__no_blocking_availability_1_never" time="0.052" /><testcase classname="mnt.extra-addons.website_stock_availability_enhanced.tests.test_product_availability.TestProductAvailability" name="test_disable_add_to_cart__no_blocking_availability_2_threshold_warning" time="0.054" /><testcase classname="mnt.extra-addons.website_stock_availability_enhanced.tests.test_product_availability.TestProductAvailability" name="test_disable_add_to_cart__no_blocking_availability_3_custom" time="0.048" /><testcase classname="mnt.extra-addons.website_stock_availability_enhanced.tests.test_product_availability.TestProductAvailability" name="test_not_show_availability_1_never" time="0.040" /><testcase classname="mnt.extra-addons.website_stock_availability_enhanced.tests.test_product_availability.TestProductAvailability" name="test_not_show_availability_2_custom" time="0.042" /><testcase classname="mnt.extra-addons.website_stock_availability_enhanced.tests.test_product_availability.TestProductAvailability" name="test_not_show_available_qty_1_threshold" time="0.071" /><testcase classname="mnt.extra-addons.website_stock_availability_enhanced.tests.test_product_availability.TestProductAvailability" name="test_not_show_available_qty_2_threshold_warning" time="0.056" /><testcase classname="mnt.extra-addons.website_stock_availability_enhanced.tests.test_product_availability.TestProductAvailability" name="test_not_show_available_qty_warning_1_threshold" time="0.055" /><testcase classname="mnt.extra-addons.website_stock_availability_enhanced.tests.test_product_availability.TestProductAvailability" name="test_not_show_available_qty_warning_2_threshold_warning" time="0.063" /><testcase classname="mnt.extra-addons.website_stock_availability_enhanced.tests.test_product_availability.TestProductAvailability" name="test_not_show_in_stock" time="0.055" /><testcase classname="mnt.extra-addons.website_stock_availability_enhanced.tests.test_product_availability.TestProductAvailability" name="test_not_show_replenishment_delay" time="0.051" /><testcase classname="mnt.extra-addons.website_stock_availability_enhanced.tests.test_product_availability.TestProductAvailability" name="test_show_availability_1_always" time="0.061" /><testcase classname="mnt.extra-addons.website_stock_availability_enhanced.tests.test_product_availability.TestProductAvailability" name="test_show_availability_2_threshold" time="0.057" /><testcase classname="mnt.extra-addons.website_stock_availability_enhanced.tests.test_product_availability.TestProductAvailability" name="test_show_availability_3_threshold_warning" time="0.059" /><testcase classname="mnt.extra-addons.website_stock_availability_enhanced.tests.test_product_availability.TestProductAvailability" name="test_show_available_qty" time="0.047" /><testcase classname="mnt.extra-addons.website_stock_availability_enhanced.tests.test_product_availability.TestProductAvailability" name="test_show_available_qty_warning_1_threshold" time="0.058" /><testcase classname="mnt.extra-addons.website_stock_availability_enhanced.tests.test_product_availability.TestProductAvailability" name="test_show_available_qty_warning_2_threshold_warning" time="0.054" /><testcase classname="mnt.extra-addons.website_stock_availability_enhanced.tests.test_product_availability.TestProductAvailability" name="test_show_in_stock" time="0.062" /><testcase classname="mnt.extra-addons.website_stock_availability_enhanced.tests.test_product_availability.TestProductAvailability" name="test_show_replenishment_delay" time="0.073" /><testcase classname="mnt.extra-addons.website_stock_availability_enhanced.tests.test_product_fields.TestProductFields" name="test_compute_availability_schedule__on_stock_move_assign" time="1.081" /><testcase classname="mnt.extra-addons.website_stock_availability_enhanced.tests.test_product_fields.TestProductFields" name="test_replenishment_availability" time="0.097" /><testcase classname="mnt.extra-addons.website_stock_availability_enhanced.tests.test_product_fields.TestProductFields" name="test_replenishment_availability__include_sale_availability" time="0.119" /><testcase classname="mnt.extra-addons.website_stock_availability_enhanced.tests.test_product_fields.TestProductFields" name="test_replenishment_availability__receipt" time="0.199" /><testcase classname="mnt.extra-addons.website_stock_availability_enhanced.tests.test_product_fields.TestProductFields" name="test_replenishment_availability__receipt_with_two_moves" time="0.338" /><testcase classname="mnt.extra-addons.website_stock_availability_enhanced.tests.test_product_fields.TestProductFields" name="test_replenishment_delay" time="0.178" /><testcase classname="mnt.extra-addons.website_stock_availability_enhanced.tests.test_product_fields.TestProductFields" name="test_replenishment_delay__no_incoming_move" time="0.120" /><testcase classname="mnt.extra-addons.website_stock_availability_enhanced.tests.test_product_fields.TestProductFields" name="test_sale_availability" time="0.124" /><testcase classname="mnt.extra-addons.website_stock_availability_enhanced.tests.test_product_fields.TestProductFields" name="test_sale_availability__delivery" time="0.140" /><testcase classname="mnt.extra-addons.website_stock_availability_enhanced.tests.test_product_fields.TestProductFields" name="test_sale_availability__delivery_done" time="0.162" /><testcase classname="mnt.extra-addons.website_stock_availability_enhanced.tests.test_product_fields.TestProductFields" name="test_sale_availability__dropship" time="0.178" /><testcase classname="mnt.extra-addons.website_stock_availability_enhanced.tests.test_product_fields.TestProductFields" name="test_sale_availability__negative_quantity" time="0.113" /><testcase classname="mnt.extra-addons.website_stock_availability_enhanced.tests.test_product_fields.TestProductFields" name="test_sale_availability__quants" time="0.135" /><testcase classname="mnt.extra-addons.website_stock_availability_enhanced.tests.test_product_fields.TestProductFields" name="test_sale_availability__quants_in_wrong_location" time="0.125" /><testcase classname="mnt.extra-addons.website_stock_availability_enhanced.tests.test_sale_order.TestSaleOrder" name="test_update_cart" time="0.542" /><testcase classname="mnt.extra-addons.website_stock_availability_enhanced.tests.test_sale_order.TestSaleOrder" name="test_update_cart__with_delay" time="0.268" /></testsuite></testsuites>